0 verbose cli C:\nvm4w\nodejs\node.exe C:\Users\Glo'S\AppData\Roaming\npm\node_modules\npm\bin\npm-cli.js
1 info using npm@11.6.0
2 info using node@v22.14.0
3 silly config load:file:C:\Users\Glo'S\AppData\Roaming\npm\node_modules\npm\npmrc
4 silly config load:file:C:\xampp\htdocs\lengo-web1\.npmrc
5 silly config load:file:C:\Users\Glo'S\.npmrc
6 silly config load:file:C:\Users\Glo'S\AppData\Roaming\npm\etc\npmrc
7 verbose title npm install react-hot-toast
8 verbose argv "install" "react-hot-toast"
9 verbose logfile logs-max:10 dir:C:\xampp\htdocs\lengo-web1\npm-cache\_logs\2026-03-12T15_44_46_394Z-
10 verbose logfile C:\xampp\htdocs\lengo-web1\npm-cache\_logs\2026-03-12T15_44_46_394Z-debug-0.log
11 silly logfile start cleaning logs, removing 1 files
12 silly packumentCache heap:2197815296 maxSize:549453824 maxEntrySize:274726912
13 silly logfile done cleaning log files
14 silly idealTree buildDeps
15 silly fetch manifest react-hot-toast@*
16 silly packumentCache full:https://registry.npmjs.org/react-hot-toast cache-miss
17 http fetch GET 200 https://registry.npmjs.org/react-hot-toast 3538ms (cache miss)
18 silly packumentCache full:https://registry.npmjs.org/react-hot-toast set size:undefined disposed:false
19 silly fetch manifest react@19.2.3
20 silly packumentCache full:https://registry.npmjs.org/react cache-miss
21 http fetch GET 200 https://registry.npmjs.org/react 1013ms (cache revalidated)
22 silly packumentCache full:https://registry.npmjs.org/react set size:6535664 disposed:false
23 silly fetch manifest react-dom@19.2.3
24 silly packumentCache full:https://registry.npmjs.org/react-dom cache-miss
25 http fetch GET 200 https://registry.npmjs.org/react-dom 668ms (cache revalidated)
26 silly packumentCache full:https://registry.npmjs.org/react-dom set size:8671691 disposed:false
27 silly placeDep ROOT react-hot-toast@2.6.0 OK for: lengo-web@0.1.0 want: *
28 silly fetch manifest goober@^2.1.16
29 silly packumentCache full:https://registry.npmjs.org/goober cache-miss
30 http fetch GET 200 https://registry.npmjs.org/goober 2516ms (cache miss)
31 silly packumentCache full:https://registry.npmjs.org/goober set size:undefined disposed:false
32 silly fetch manifest csstype@^3.1.3
33 silly packumentCache full:https://registry.npmjs.org/csstype cache-miss
34 http fetch GET 200 https://registry.npmjs.org/csstype 1009ms (cache miss)
35 silly packumentCache full:https://registry.npmjs.org/csstype set size:undefined disposed:false
36 silly placeDep ROOT goober@2.1.18 OK for: react-hot-toast@2.6.0 want: ^2.1.16
37 silly reify moves {}
38 silly audit bulk request {
38 silly audit   '@alloc/quick-lru': [ '5.2.0' ],
38 silly audit   '@babel/code-frame': [ '7.29.0' ],
38 silly audit   '@babel/compat-data': [ '7.29.0' ],
38 silly audit   '@babel/core': [ '7.29.0' ],
38 silly audit   '@babel/generator': [ '7.29.1' ],
38 silly audit   '@babel/helper-compilation-targets': [ '7.28.6' ],
38 silly audit   '@babel/helper-globals': [ '7.28.0' ],
38 silly audit   '@babel/helper-module-imports': [ '7.28.6' ],
38 silly audit   '@babel/helper-module-transforms': [ '7.28.6' ],
38 silly audit   '@babel/helper-string-parser': [ '7.27.1' ],
38 silly audit   '@babel/helper-validator-identifier': [ '7.28.5' ],
38 silly audit   '@babel/helper-validator-option': [ '7.27.1' ],
38 silly audit   '@babel/helpers': [ '7.28.6' ],
38 silly audit   '@babel/parser': [ '7.29.0' ],
38 silly audit   '@babel/runtime': [ '7.28.6' ],
38 silly audit   '@babel/template': [ '7.28.6' ],
38 silly audit   '@babel/traverse': [ '7.29.0' ],
38 silly audit   '@babel/types': [ '7.29.0' ],
38 silly audit   '@dimforge/rapier3d-compat': [ '0.12.0' ],
38 silly audit   '@emnapi/core': [ '1.8.1' ],
38 silly audit   '@emnapi/runtime': [ '1.8.1' ],
38 silly audit   '@emnapi/wasi-threads': [ '1.1.0' ],
38 silly audit   '@eslint-community/eslint-utils': [ '4.9.1' ],
38 silly audit   'eslint-visitor-keys': [ '3.4.3', '5.0.1', '4.2.1' ],
38 silly audit   '@eslint-community/regexpp': [ '4.12.2' ],
38 silly audit   '@eslint/config-array': [ '0.21.2' ],
38 silly audit   '@eslint/config-helpers': [ '0.4.2' ],
38 silly audit   '@eslint/core': [ '0.17.0' ],
38 silly audit   '@eslint/eslintrc': [ '3.3.5' ],
38 silly audit   '@eslint/js': [ '9.39.4' ],
38 silly audit   '@eslint/object-schema': [ '2.1.7' ],
38 silly audit   '@eslint/plugin-kit': [ '0.4.1' ],
38 silly audit   '@humanfs/core': [ '0.19.1' ],
38 silly audit   '@humanfs/node': [ '0.16.7' ],
38 silly audit   '@humanwhocodes/module-importer': [ '1.0.1' ],
38 silly audit   '@humanwhocodes/retry': [ '0.4.3' ],
38 silly audit   '@img/colour': [ '1.1.0' ],
38 silly audit   '@img/sharp-darwin-arm64': [ '0.34.5' ],
38 silly audit   '@img/sharp-darwin-x64': [ '0.34.5' ],
38 silly audit   '@img/sharp-libvips-darwin-arm64': [ '1.2.4' ],
38 silly audit   '@img/sharp-libvips-darwin-x64': [ '1.2.4' ],
38 silly audit   '@img/sharp-libvips-linux-arm': [ '1.2.4' ],
38 silly audit   '@img/sharp-libvips-linux-arm64': [ '1.2.4' ],
38 silly audit   '@img/sharp-libvips-linux-ppc64': [ '1.2.4' ],
38 silly audit   '@img/sharp-libvips-linux-riscv64': [ '1.2.4' ],
38 silly audit   '@img/sharp-libvips-linux-s390x': [ '1.2.4' ],
38 silly audit   '@img/sharp-libvips-linux-x64': [ '1.2.4' ],
38 silly audit   '@img/sharp-libvips-linuxmusl-arm64': [ '1.2.4' ],
38 silly audit   '@img/sharp-libvips-linuxmusl-x64': [ '1.2.4' ],
38 silly audit   '@img/sharp-linux-arm': [ '0.34.5' ],
38 silly audit   '@img/sharp-linux-arm64': [ '0.34.5' ],
38 silly audit   '@img/sharp-linux-ppc64': [ '0.34.5' ],
38 silly audit   '@img/sharp-linux-riscv64': [ '0.34.5' ],
38 silly audit   '@img/sharp-linux-s390x': [ '0.34.5' ],
38 silly audit   '@img/sharp-linux-x64': [ '0.34.5' ],
38 silly audit   '@img/sharp-linuxmusl-arm64': [ '0.34.5' ],
38 silly audit   '@img/sharp-linuxmusl-x64': [ '0.34.5' ],
38 silly audit   '@img/sharp-wasm32': [ '0.34.5' ],
38 silly audit   '@img/sharp-win32-arm64': [ '0.34.5' ],
38 silly audit   '@img/sharp-win32-ia32': [ '0.34.5' ],
38 silly audit   '@img/sharp-win32-x64': [ '0.34.5' ],
38 silly audit   '@jridgewell/gen-mapping': [ '0.3.13' ],
38 silly audit   '@jridgewell/remapping': [ '2.3.5' ],
38 silly audit   '@jridgewell/resolve-uri': [ '3.1.2' ],
38 silly audit   '@jridgewell/sourcemap-codec': [ '1.5.5' ],
38 silly audit   '@jridgewell/trace-mapping': [ '0.3.31' ],
38 silly audit   '@lottiefiles/react-lottie-player': [ '3.6.0' ],
38 silly audit   '@mdx-js/mdx': [ '3.1.1' ],
38 silly audit   '@mdx-js/react': [ '3.1.1' ],
38 silly audit   '@mediapipe/tasks-vision': [ '0.10.17' ],
38 silly audit   '@monogrid/gainmap-js': [ '3.4.0' ],
38 silly audit   '@napi-rs/wasm-runtime': [ '0.2.12' ],
38 silly audit   '@next/env': [ '16.1.6' ],
38 silly audit   '@next/eslint-plugin-next': [ '16.1.6' ],
38 silly audit   '@next/mdx': [ '16.1.6' ],
38 silly audit   '@next/swc-darwin-arm64': [ '16.1.6' ],
38 silly audit   '@next/swc-darwin-x64': [ '16.1.6' ],
38 silly audit   '@next/swc-linux-arm64-gnu': [ '16.1.6' ],
38 silly audit   '@next/swc-linux-arm64-musl': [ '16.1.6' ],
38 silly audit   '@next/swc-linux-x64-gnu': [ '16.1.6' ],
38 silly audit   '@next/swc-linux-x64-musl': [ '16.1.6' ],
38 silly audit   '@next/swc-win32-arm64-msvc': [ '16.1.6' ],
38 silly audit   '@next/swc-win32-x64-msvc': [ '16.1.6' ],
38 silly audit   '@nodelib/fs.scandir': [ '2.1.5' ],
38 silly audit   '@nodelib/fs.stat': [ '2.0.5' ],
38 silly audit   '@nodelib/fs.walk': [ '1.2.8' ],
38 silly audit   '@nolyfill/is-core-module': [ '1.0.39' ],
38 silly audit   '@react-three/drei': [ '10.7.7' ],
38 silly audit   '@react-three/fiber': [ '9.5.0' ],
38 silly audit   '@rtsao/scc': [ '1.1.0' ],
38 silly audit   '@swc/helpers': [ '0.5.15' ],
38 silly audit   '@tailwindcss/node': [ '4.2.1' ],
38 silly audit   '@tailwindcss/oxide': [ '4.2.1' ],
38 silly audit   '@tailwindcss/oxide-android-arm64': [ '4.2.1' ],
38 silly audit   '@tailwindcss/oxide-darwin-arm64': [ '4.2.1' ],
38 silly audit   '@tailwindcss/oxide-darwin-x64': [ '4.2.1' ],
38 silly audit   '@tailwindcss/oxide-freebsd-x64': [ '4.2.1' ],
38 silly audit   '@tailwindcss/oxide-linux-arm-gnueabihf': [ '4.2.1' ],
38 silly audit   '@tailwindcss/oxide-linux-arm64-gnu': [ '4.2.1' ],
38 silly audit   '@tailwindcss/oxide-linux-arm64-musl': [ '4.2.1' ],
38 silly audit   '@tailwindcss/oxide-linux-x64-gnu': [ '4.2.1' ],
38 silly audit   '@tailwindcss/oxide-linux-x64-musl': [ '4.2.1' ],
38 silly audit   '@tailwindcss/oxide-wasm32-wasi': [ '4.2.1' ],
38 silly audit   '@tailwindcss/oxide-win32-arm64-msvc': [ '4.2.1' ],
38 silly audit   '@tailwindcss/oxide-win32-x64-msvc': [ '4.2.1' ],
38 silly audit   '@tailwindcss/postcss': [ '4.2.1' ],
38 silly audit   '@tweenjs/tween.js': [ '23.1.3' ],
38 silly audit   '@tybys/wasm-util': [ '0.10.1' ],
38 silly audit   '@types/debug': [ '4.1.12' ],
38 silly audit   '@types/draco3d': [ '1.4.10' ],
38 silly audit   '@types/estree': [ '1.0.8' ],
38 silly audit   '@types/estree-jsx': [ '1.0.5' ],
38 silly audit   '@types/hast': [ '3.0.4' ],
38 silly audit   '@types/json-schema': [ '7.0.15' ],
38 silly audit   '@types/json5': [ '0.0.29' ],
38 silly audit   '@types/mdast': [ '4.0.4' ],
38 silly audit   '@types/mdx': [ '2.0.13' ],
38 silly audit   '@types/ms': [ '2.1.0' ],
38 silly audit   '@types/node': [ '20.19.37' ],
38 silly audit   '@types/offscreencanvas': [ '2019.7.3' ],
38 silly audit   '@types/react': [ '19.2.14' ],
38 silly audit   '@types/react-dom': [ '19.2.3' ],
38 silly audit   '@types/react-reconciler': [ '0.28.9' ],
38 silly audit   '@types/stats.js': [ '0.17.4' ],
38 silly audit   '@types/three': [ '0.183.1' ],
38 silly audit   '@types/unist': [ '3.0.3', '2.0.11' ],
38 silly audit   '@types/webxr': [ '0.5.24' ],
38 silly audit   '@typescript-eslint/eslint-plugin': [ '8.57.0' ],
38 silly audit   ignore: [ '7.0.5', '5.3.2' ],
38 silly audit   '@typescript-eslint/parser': [ '8.57.0' ],
38 silly audit   '@typescript-eslint/project-service': [ '8.57.0' ],
38 silly audit   '@typescript-eslint/scope-manager': [ '8.57.0' ],
38 silly audit   '@typescript-eslint/tsconfig-utils': [ '8.57.0' ],
38 silly audit   '@typescript-eslint/type-utils': [ '8.57.0' ],
38 silly audit   '@typescript-eslint/types': [ '8.57.0' ],
38 silly audit   '@typescript-eslint/typescript-estree': [ '8.57.0' ],
38 silly audit   'balanced-match': [ '4.0.4', '1.0.2' ],
38 silly audit   'brace-expansion': [ '5.0.4', '1.1.12' ],
38 silly audit   minimatch: [ '10.2.4', '3.1.5' ],
38 silly audit   semver: [ '7.7.4', '6.3.1' ],
38 silly audit   '@typescript-eslint/utils': [ '8.57.0' ],
38 silly audit   '@typescript-eslint/visitor-keys': [ '8.57.0' ],
38 silly audit   '@ungap/structured-clone': [ '1.3.0' ],
38 silly audit   '@unrs/resolver-binding-android-arm-eabi': [ '1.11.1' ],
38 silly audit   '@unrs/resolver-binding-android-arm64': [ '1.11.1' ],
38 silly audit   '@unrs/resolver-binding-darwin-arm64': [ '1.11.1' ],
38 silly audit   '@unrs/resolver-binding-darwin-x64': [ '1.11.1' ],
38 silly audit   '@unrs/resolver-binding-freebsd-x64': [ '1.11.1' ],
38 silly audit   '@unrs/resolver-binding-linux-arm-gnueabihf': [ '1.11.1' ],
38 silly audit   '@unrs/resolver-binding-linux-arm-musleabihf': [ '1.11.1' ],
38 silly audit   '@unrs/resolver-binding-linux-arm64-gnu': [ '1.11.1' ],
38 silly audit   '@unrs/resolver-binding-linux-arm64-musl': [ '1.11.1' ],
38 silly audit   '@unrs/resolver-binding-linux-ppc64-gnu': [ '1.11.1' ],
38 silly audit   '@unrs/resolver-binding-linux-riscv64-gnu': [ '1.11.1' ],
38 silly audit   '@unrs/resolver-binding-linux-riscv64-musl': [ '1.11.1' ],
38 silly audit   '@unrs/resolver-binding-linux-s390x-gnu': [ '1.11.1' ],
38 silly audit   '@unrs/resolver-binding-linux-x64-gnu': [ '1.11.1' ],
38 silly audit   '@unrs/resolver-binding-linux-x64-musl': [ '1.11.1' ],
38 silly audit   '@unrs/resolver-binding-wasm32-wasi': [ '1.11.1' ],
38 silly audit   '@unrs/resolver-binding-win32-arm64-msvc': [ '1.11.1' ],
38 silly audit   '@unrs/resolver-binding-win32-ia32-msvc': [ '1.11.1' ],
38 silly audit   '@unrs/resolver-binding-win32-x64-msvc': [ '1.11.1' ],
38 silly audit   '@use-gesture/core': [ '10.3.1' ],
38 silly audit   '@use-gesture/react': [ '10.3.1' ],
38 silly audit   '@webgpu/types': [ '0.1.69' ],
38 silly audit   acorn: [ '8.16.0' ],
38 silly audit   'acorn-jsx': [ '5.3.2' ],
38 silly audit   ajv: [ '6.14.0' ],
38 silly audit   'ansi-styles': [ '4.3.0' ],
38 silly audit   argparse: [ '2.0.1', '1.0.10' ],
38 silly audit   'aria-query': [ '5.3.2' ],
38 silly audit   'array-buffer-byte-length': [ '1.0.2' ],
38 silly audit   'array-includes': [ '3.1.9' ],
38 silly audit   'array.prototype.findlast': [ '1.2.5' ],
38 silly audit   'array.prototype.findlastindex': [ '1.2.6' ],
38 silly audit   'array.prototype.flat': [ '1.3.3' ],
38 silly audit   'array.prototype.flatmap': [ '1.3.3' ],
38 silly audit   'array.prototype.tosorted': [ '1.1.4' ],
38 silly audit   'arraybuffer.prototype.slice': [ '1.0.4' ],
38 silly audit   'ast-types-flow': [ '0.0.8' ],
38 silly audit   astring: [ '1.9.0' ],
38 silly audit   'async-function': [ '1.0.0' ],
38 silly audit   'available-typed-arrays': [ '1.0.7' ],
38 silly audit   'axe-core': [ '4.11.1' ],
38 silly audit   'axobject-query': [ '4.1.0' ],
38 silly audit   bail: [ '2.0.2' ],
38 silly audit   'base64-js': [ '1.5.1' ],
38 silly audit   'baseline-browser-mapping': [ '2.10.0' ],
38 silly audit   'bidi-js': [ '1.0.3' ],
38 silly audit   braces: [ '3.0.3' ],
38 silly audit   browserslist: [ '4.28.1' ],
38 silly audit   buffer: [ '6.0.3' ],
38 silly audit   'call-bind': [ '1.0.8' ],
38 silly audit   'call-bind-apply-helpers': [ '1.0.2' ],
38 silly audit   'call-bound': [ '1.0.4' ],
38 silly audit   callsites: [ '3.1.0' ],
38 silly audit   'camera-controls': [ '3.1.2' ],
38 silly audit   'caniuse-lite': [ '1.0.30001777' ],
38 silly audit   ccount: [ '2.0.1' ],
38 silly audit   chalk: [ '4.1.2' ],
38 silly audit   'character-entities': [ '2.0.2' ],
38 silly audit   'character-entities-html4': [ '2.1.0' ],
38 silly audit   'character-entities-legacy': [ '3.0.0' ],
38 silly audit   'character-reference-invalid': [ '2.0.1' ],
38 silly audit   'client-only': [ '0.0.1' ],
38 silly audit   'collapse-white-space': [ '2.1.0' ],
38 silly audit   'color-convert': [ '2.0.1' ],
38 silly audit   'color-name': [ '1.1.4' ],
38 silly audit   'comma-separated-tokens': [ '2.0.3' ],
38 silly audit   'concat-map': [ '0.0.1' ],
38 silly audit   'convert-source-map': [ '2.0.0' ],
38 silly audit   'countup.js': [ '2.10.0' ],
38 silly audit   'cross-env': [ '7.0.3' ],
38 silly audit   'cross-spawn': [ '7.0.6' ],
38 silly audit   csstype: [ '3.2.3' ],
38 silly audit   'damerau-levenshtein': [ '1.0.8' ],
38 silly audit   'data-view-buffer': [ '1.0.2' ],
38 silly audit   'data-view-byte-length': [ '1.0.2' ],
38 silly audit   'data-view-byte-offset': [ '1.0.1' ],
38 silly audit   debug: [ '4.4.3', '3.2.7' ],
38 silly audit   'decode-named-character-reference': [ '1.3.0' ],
38 silly audit   'deep-is': [ '0.1.4' ],
38 silly audit   'define-data-property': [ '1.1.4' ],
38 silly audit   'define-properties': [ '1.2.1' ],
38 silly audit   dequal: [ '2.0.3' ],
38 silly audit   'detect-gpu': [ '5.0.70' ],
38 silly audit   'detect-libc': [ '2.1.2' ],
38 silly audit   devlop: [ '1.1.0' ],
38 silly audit   doctrine: [ '2.1.0' ],
38 silly audit   draco3d: [ '1.5.7' ],
38 silly audit   'dunder-proto': [ '1.0.1' ],
38 silly audit   'electron-to-chromium': [ '1.5.307' ],
38 silly audit   'emoji-regex': [ '9.2.2' ],
38 silly audit   'enhanced-resolve': [ '5.20.0' ],
38 silly audit   'es-abstract': [ '1.24.1' ],
38 silly audit   'es-define-property': [ '1.0.1' ],
38 silly audit   'es-errors': [ '1.3.0' ],
38 silly audit   'es-iterator-helpers': [ '1.2.2' ],
38 silly audit   'es-object-atoms': [ '1.1.1' ],
38 silly audit   'es-set-tostringtag': [ '2.1.0' ],
38 silly audit   'es-shim-unscopables': [ '1.1.0' ],
38 silly audit   'es-to-primitive': [ '1.3.0' ],
38 silly audit   'esast-util-from-estree': [ '2.0.0' ],
38 silly audit   'esast-util-from-js': [ '2.0.1' ],
38 silly audit   escalade: [ '3.2.0' ],
38 silly audit   'escape-string-regexp': [ '4.0.0' ],
38 silly audit   eslint: [ '9.39.4' ],
38 silly audit   'eslint-config-next': [ '16.1.6' ],
38 silly audit   globals: [ '16.4.0', '14.0.0' ],
38 silly audit   'eslint-import-resolver-node': [ '0.3.9' ],
38 silly audit   'eslint-import-resolver-typescript': [ '3.10.1' ],
38 silly audit   'eslint-module-utils': [ '2.12.1' ],
38 silly audit   'eslint-plugin-import': [ '2.32.0' ],
38 silly audit   'eslint-plugin-jsx-a11y': [ '6.10.2' ],
38 silly audit   'eslint-plugin-react': [ '7.37.5' ],
38 silly audit   'eslint-plugin-react-hooks': [ '7.0.1' ],
38 silly audit   resolve: [ '2.0.0-next.6', '1.22.11' ],
38 silly audit   'eslint-scope': [ '8.4.0' ],
38 silly audit   espree: [ '10.4.0' ],
38 silly audit   esprima: [ '4.0.1' ],
38 silly audit   esquery: [ '1.7.0' ],
38 silly audit   esrecurse: [ '4.3.0' ],
38 silly audit   estraverse: [ '5.3.0' ],
38 silly audit   'estree-util-attach-comments': [ '3.0.0' ],
38 silly audit   'estree-util-build-jsx': [ '3.0.1' ],
38 silly audit   'estree-util-is-identifier-name': [ '3.0.0' ],
38 silly audit   'estree-util-scope': [ '1.0.0' ],
38 silly audit   'estree-util-to-js': [ '2.0.0' ],
38 silly audit   'estree-util-visit': [ '2.0.0' ],
38 silly audit   'estree-walker': [ '3.0.3' ],
38 silly audit   esutils: [ '2.0.3' ],
38 silly audit   extend: [ '3.0.2' ],
38 silly audit   'extend-shallow': [ '2.0.1' ],
38 silly audit   'fast-deep-equal': [ '3.1.3' ],
38 silly audit   'fast-glob': [ '3.3.1' ],
38 silly audit   'glob-parent': [ '5.1.2', '6.0.2' ],
38 silly audit   'fast-json-stable-stringify': [ '2.1.0' ],
38 silly audit   'fast-levenshtein': [ '2.0.6' ],
38 silly audit   fastq: [ '1.20.1' ],
38 silly audit   fflate: [ '0.8.2', '0.6.10' ],
38 silly audit   'file-entry-cache': [ '8.0.0' ],
38 silly audit   'fill-range': [ '7.1.1' ],
38 silly audit   'find-up': [ '5.0.0' ],
38 silly audit   'flat-cache': [ '4.0.1' ],
38 silly audit   flatted: [ '3.4.1' ],
38 silly audit   'for-each': [ '0.3.5' ],
38 silly audit   'framer-motion': [ '12.35.2' ],
38 silly audit   'function-bind': [ '1.1.2' ],
38 silly audit   'function.prototype.name': [ '1.1.8' ],
38 silly audit   'functions-have-names': [ '1.2.3' ],
38 silly audit   'generator-function': [ '2.0.1' ],
38 silly audit   gensync: [ '1.0.0-beta.2' ],
38 silly audit   'get-intrinsic': [ '1.3.0' ],
38 silly audit   'get-proto': [ '1.0.1' ],
38 silly audit   'get-symbol-description': [ '1.1.0' ],
38 silly audit   'get-tsconfig': [ '4.13.6' ],
38 silly audit   globalthis: [ '1.0.4' ],
38 silly audit   'glsl-noise': [ '0.0.0' ],
38 silly audit   gopd: [ '1.2.0' ],
38 silly audit   'graceful-fs': [ '4.2.11' ],
38 silly audit   'gray-matter': [ '4.0.3' ],
38 silly audit   'js-yaml': [ '3.14.2', '4.1.1' ],
38 silly audit   'has-bigints': [ '1.1.0' ],
38 silly audit   'has-flag': [ '4.0.0' ],
38 silly audit   'has-property-descriptors': [ '1.0.2' ],
38 silly audit   'has-proto': [ '1.2.0' ],
38 silly audit   'has-symbols': [ '1.1.0' ],
38 silly audit   'has-tostringtag': [ '1.0.2' ],
38 silly audit   hasown: [ '2.0.2' ],
38 silly audit   'hast-util-to-estree': [ '3.1.3' ],
38 silly audit   'hast-util-to-jsx-runtime': [ '2.3.6' ],
38 silly audit   'hast-util-whitespace': [ '3.0.0' ],
38 silly audit   'hermes-estree': [ '0.25.1' ],
38 silly audit   'hermes-parser': [ '0.25.1' ],
38 silly audit   'hls.js': [ '1.6.15' ],
38 silly audit   ieee754: [ '1.2.1' ],
38 silly audit   immediate: [ '3.0.6' ],
38 silly audit   'import-fresh': [ '3.3.1' ],
38 silly audit   imurmurhash: [ '0.1.4' ],
38 silly audit   'inline-style-parser': [ '0.2.7' ],
38 silly audit   'internal-slot': [ '1.1.0' ],
38 silly audit   'is-alphabetical': [ '2.0.1' ],
38 silly audit   'is-alphanumerical': [ '2.0.1' ],
38 silly audit   'is-array-buffer': [ '3.0.5' ],
38 silly audit   'is-async-function': [ '2.1.1' ],
38 silly audit   'is-bigint': [ '1.1.0' ],
38 silly audit   'is-boolean-object': [ '1.2.2' ],
38 silly audit   'is-bun-module': [ '2.0.0' ],
38 silly audit   'is-callable': [ '1.2.7' ],
38 silly audit   'is-core-module': [ '2.16.1' ],
38 silly audit   'is-data-view': [ '1.0.2' ],
38 silly audit   'is-date-object': [ '1.1.0' ],
38 silly audit   'is-decimal': [ '2.0.1' ],
38 silly audit   'is-extendable': [ '0.1.1' ],
38 silly audit   'is-extglob': [ '2.1.1' ],
38 silly audit   'is-finalizationregistry': [ '1.1.1' ],
38 silly audit   'is-generator-function': [ '1.1.2' ],
38 silly audit   'is-glob': [ '4.0.3' ],
38 silly audit   'is-hexadecimal': [ '2.0.1' ],
38 silly audit   'is-map': [ '2.0.3' ],
38 silly audit   'is-negative-zero': [ '2.0.3' ],
38 silly audit   'is-number': [ '7.0.0' ],
38 silly audit   'is-number-object': [ '1.1.1' ],
38 silly audit   'is-plain-obj': [ '4.1.0' ],
38 silly audit   'is-promise': [ '2.2.2' ],
38 silly audit   'is-regex': [ '1.2.1' ],
38 silly audit   'is-set': [ '2.0.3' ],
38 silly audit   'is-shared-array-buffer': [ '1.0.4' ],
38 silly audit   'is-string': [ '1.1.1' ],
38 silly audit   'is-symbol': [ '1.1.1' ],
38 silly audit   'is-typed-array': [ '1.1.15' ],
38 silly audit   'is-weakmap': [ '2.0.2' ],
38 silly audit   'is-weakref': [ '1.1.1' ],
38 silly audit   'is-weakset': [ '2.0.4' ],
38 silly audit   isarray: [ '2.0.5' ],
38 silly audit   isexe: [ '2.0.0' ],
38 silly audit   'iterator.prototype': [ '1.1.5' ],
38 silly audit   'its-fine': [ '2.0.0' ],
38 silly audit   jiti: [ '2.6.1' ],
38 silly audit   'js-tokens': [ '4.0.0' ],
38 silly audit   jsesc: [ '3.1.0' ],
38 silly audit   'json-buffer': [ '3.0.1' ],
38 silly audit   'json-schema-traverse': [ '0.4.1' ],
38 silly audit   'json-stable-stringify-without-jsonify': [ '1.0.1' ],
38 silly audit   json5: [ '2.2.3', '1.0.2' ],
38 silly audit   'jsx-ast-utils': [ '3.3.5' ],
38 silly audit   keyv: [ '4.5.4' ],
38 silly audit   'kind-of': [ '6.0.3' ],
38 silly audit   'language-subtag-registry': [ '0.3.23' ],
38 silly audit   'language-tags': [ '1.0.9' ],
38 silly audit   levn: [ '0.4.1' ],
38 silly audit   lie: [ '3.3.0' ],
38 silly audit   lightningcss: [ '1.31.1' ],
38 silly audit   'lightningcss-android-arm64': [ '1.31.1' ],
38 silly audit   'lightningcss-darwin-arm64': [ '1.31.1' ],
38 silly audit   'lightningcss-darwin-x64': [ '1.31.1' ],
38 silly audit   'lightningcss-freebsd-x64': [ '1.31.1' ],
38 silly audit   'lightningcss-linux-arm-gnueabihf': [ '1.31.1' ],
38 silly audit   'lightningcss-linux-arm64-gnu': [ '1.31.1' ],
38 silly audit   'lightningcss-linux-arm64-musl': [ '1.31.1' ],
38 silly audit   'lightningcss-linux-x64-gnu': [ '1.31.1' ],
38 silly audit   'lightningcss-linux-x64-musl': [ '1.31.1' ],
38 silly audit   'lightningcss-win32-arm64-msvc': [ '1.31.1' ],
38 silly audit   'lightningcss-win32-x64-msvc': [ '1.31.1' ],
38 silly audit   'locate-path': [ '6.0.0' ],
38 silly audit   'lodash.merge': [ '4.6.2' ],
38 silly audit   'longest-streak': [ '3.1.0' ],
38 silly audit   'loose-envify': [ '1.4.0' ],
38 silly audit   'lottie-web': [ '5.13.0' ],
38 silly audit   'lru-cache': [ '5.1.1' ],
38 silly audit   'lucide-react': [ '0.577.0' ],
38 silly audit   maath: [ '0.10.8' ],
38 silly audit   'magic-string': [ '0.30.21' ],
38 silly audit   'markdown-extensions': [ '2.0.0' ],
38 silly audit   'math-intrinsics': [ '1.1.0' ],
38 silly audit   'mdast-util-from-markdown': [ '2.0.3' ],
38 silly audit   'mdast-util-mdx': [ '3.0.0' ],
38 silly audit   'mdast-util-mdx-expression': [ '2.0.1' ],
38 silly audit   'mdast-util-mdx-jsx': [ '3.2.0' ],
38 silly audit   'mdast-util-mdxjs-esm': [ '2.0.1' ],
38 silly audit   'mdast-util-phrasing': [ '4.1.0' ],
38 silly audit   'mdast-util-to-hast': [ '13.2.1' ],
38 silly audit   'mdast-util-to-markdown': [ '2.1.2' ],
38 silly audit   'mdast-util-to-string': [ '4.0.0' ],
38 silly audit   merge2: [ '1.4.1' ],
38 silly audit   meshline: [ '3.3.1' ],
38 silly audit   meshoptimizer: [ '1.0.1' ],
38 silly audit   micromark: [ '4.0.2' ],
38 silly audit   'micromark-core-commonmark': [ '2.0.3' ],
38 silly audit   'micromark-extension-mdx-expression': [ '3.0.1' ],
38 silly audit   'micromark-extension-mdx-jsx': [ '3.0.2' ],
38 silly audit   'micromark-extension-mdx-md': [ '2.0.0' ],
38 silly audit   'micromark-extension-mdxjs': [ '3.0.0' ],
38 silly audit   'micromark-extension-mdxjs-esm': [ '3.0.0' ],
38 silly audit   'micromark-factory-destination': [ '2.0.1' ],
38 silly audit   'micromark-factory-label': [ '2.0.1' ],
38 silly audit   'micromark-factory-mdx-expression': [ '2.0.3' ],
38 silly audit   'micromark-factory-space': [ '2.0.1' ],
38 silly audit   'micromark-factory-title': [ '2.0.1' ],
38 silly audit   'micromark-factory-whitespace': [ '2.0.1' ],
38 silly audit   'micromark-util-character': [ '2.1.1' ],
38 silly audit   'micromark-util-chunked': [ '2.0.1' ],
38 silly audit   'micromark-util-classify-character': [ '2.0.1' ],
38 silly audit   'micromark-util-combine-extensions': [ '2.0.1' ],
38 silly audit   'micromark-util-decode-numeric-character-reference': [ '2.0.2' ],
38 silly audit   'micromark-util-decode-string': [ '2.0.1' ],
38 silly audit   'micromark-util-encode': [ '2.0.1' ],
38 silly audit   'micromark-util-events-to-acorn': [ '2.0.3' ],
38 silly audit   'micromark-util-html-tag-name': [ '2.0.1' ],
38 silly audit   'micromark-util-normalize-identifier': [ '2.0.1' ],
38 silly audit   'micromark-util-resolve-all': [ '2.0.1' ],
38 silly audit   'micromark-util-sanitize-uri': [ '2.0.1' ],
38 silly audit   'micromark-util-subtokenize': [ '2.1.0' ],
38 silly audit   'micromark-util-symbol': [ '2.0.1' ],
38 silly audit   'micromark-util-types': [ '2.0.2' ],
38 silly audit   micromatch: [ '4.0.8' ],
38 silly audit   minimist: [ '1.2.8' ],
38 silly audit   'motion-dom': [ '12.35.2' ],
38 silly audit   'motion-utils': [ '12.29.2' ],
38 silly audit   ms: [ '2.1.3' ],
38 silly audit   nanoid: [ '3.3.11' ],
38 silly audit   'napi-postinstall': [ '0.3.4' ],
38 silly audit   'natural-compare': [ '1.4.0' ],
38 silly audit   next: [ '16.1.6' ],
38 silly audit   'next-mdx-remote': [ '6.0.0' ],
38 silly audit   'next-themes': [ '0.4.6' ],
38 silly audit   postcss: [ '8.4.31', '8.5.8' ],
38 silly audit   'node-exports-info': [ '1.6.0' ],
38 silly audit   'node-releases': [ '2.0.36' ],
38 silly audit   'object-assign': [ '4.1.1' ],
38 silly audit   'object-inspect': [ '1.13.4' ],
38 silly audit   'object-keys': [ '1.1.1' ],
38 silly audit   'object.assign': [ '4.1.7' ],
38 silly audit   'object.entries': [ '1.1.9' ],
38 silly audit   'object.fromentries': [ '2.0.8' ],
38 silly audit   'object.groupby': [ '1.0.3' ],
38 silly audit   'object.values': [ '1.2.1' ],
38 silly audit   optionator: [ '0.9.4' ],
38 silly audit   'own-keys': [ '1.0.1' ],
38 silly audit   'p-limit': [ '3.1.0' ],
38 silly audit   'p-locate': [ '5.0.0' ],
38 silly audit   'parent-module': [ '1.0.1' ],
38 silly audit   'parse-entities': [ '4.0.2' ],
38 silly audit   'path-exists': [ '4.0.0' ],
38 silly audit   'path-key': [ '3.1.1' ],
38 silly audit   'path-parse': [ '1.0.7' ],
38 silly audit   picocolors: [ '1.1.1' ],
38 silly audit   picomatch: [ '2.3.1', '4.0.3' ],
38 silly audit   'possible-typed-array-names': [ '1.1.0' ],
38 silly audit   potpack: [ '1.0.2' ],
38 silly audit   'prelude-ls': [ '1.2.1' ],
38 silly audit   'promise-worker-transferable': [ '1.0.4' ],
38 silly audit   'prop-types': [ '15.8.1' ],
38 silly audit   'property-information': [ '7.1.0' ],
38 silly audit   punycode: [ '2.3.1' ],
38 silly audit   'queue-microtask': [ '1.2.3' ],
38 silly audit   react: [ '19.2.3' ],
38 silly audit   'react-countup': [ '6.5.3' ],
38 silly audit   'react-dom': [ '19.2.3' ],
38 silly audit   'react-hook-form': [ '7.71.2' ],
38 silly audit   'react-icons': [ '5.6.0' ],
38 silly audit   'react-intersection-observer': [ '10.0.3' ],
38 silly audit   'react-is': [ '16.13.1' ],
38 silly audit   'react-swipeable': [ '7.0.2' ],
38 silly audit   'react-use-measure': [ '2.1.7' ],
38 silly audit   'reading-time': [ '1.5.0' ],
38 silly audit   'recma-build-jsx': [ '1.0.0' ],
38 silly audit   'recma-jsx': [ '1.0.1' ],
38 silly audit   'recma-parse': [ '1.0.0' ],
38 silly audit   'recma-stringify': [ '1.0.0' ],
38 silly audit   'reflect.getprototypeof': [ '1.0.10' ],
38 silly audit   'regexp.prototype.flags': [ '1.5.4' ],
38 silly audit   'rehype-recma': [ '1.0.0' ],
38 silly audit   'remark-mdx': [ '3.1.1' ],
38 silly audit   'remark-parse': [ '11.0.0' ],
38 silly audit   'remark-rehype': [ '11.1.2' ],
38 silly audit   'require-from-string': [ '2.0.2' ],
38 silly audit   'resolve-from': [ '4.0.0' ],
38 silly audit   'resolve-pkg-maps': [ '1.0.0' ],
38 silly audit   reusify: [ '1.1.0' ],
38 silly audit   'run-parallel': [ '1.2.0' ],
38 silly audit   'safe-array-concat': [ '1.1.3' ],
38 silly audit   'safe-push-apply': [ '1.0.0' ],
38 silly audit   'safe-regex-test': [ '1.1.0' ],
38 silly audit   scheduler: [ '0.27.0' ],
38 silly audit   'section-matter': [ '1.0.0' ],
38 silly audit   'set-function-length': [ '1.2.2' ],
38 silly audit   'set-function-name': [ '2.0.2' ],
38 silly audit   'set-proto': [ '1.0.0' ],
38 silly audit   sharp: [ '0.34.5' ],
38 silly audit   'shebang-command': [ '2.0.0' ],
38 silly audit   'shebang-regex': [ '3.0.0' ],
38 silly audit   'side-channel': [ '1.1.0' ],
38 silly audit   'side-channel-list': [ '1.0.0' ],
38 silly audit   'side-channel-map': [ '1.0.1' ],
38 silly audit   'side-channel-weakmap': [ '1.0.2' ],
38 silly audit   'source-map': [ '0.7.6' ],
38 silly audit   'source-map-js': [ '1.2.1' ],
38 silly audit   'space-separated-tokens': [ '2.0.2' ],
38 silly audit   'sprintf-js': [ '1.0.3' ],
38 silly audit   'stable-hash': [ '0.0.5' ],
38 silly audit   'stats-gl': [ '2.4.2' ],
38 silly audit   three: [ '0.170.0', '0.183.2' ],
38 silly audit   'stats.js': [ '0.17.0' ],
38 silly audit   'stop-iteration-iterator': [ '1.1.0' ],
38 silly audit   'string.prototype.includes': [ '2.0.1' ],
38 silly audit   'string.prototype.matchall': [ '4.0.12' ],
38 silly audit   'string.prototype.repeat': [ '1.0.0' ],
38 silly audit   'string.prototype.trim': [ '1.2.10' ],
38 silly audit   'string.prototype.trimend': [ '1.0.9' ],
38 silly audit   'string.prototype.trimstart': [ '1.0.8' ],
38 silly audit   'stringify-entities': [ '4.0.4' ],
38 silly audit   'strip-bom': [ '3.0.0' ],
38 silly audit   'strip-bom-string': [ '1.0.0' ],
38 silly audit   'strip-json-comments': [ '3.1.1' ],
38 silly audit   'style-to-js': [ '1.1.21' ],
38 silly audit   'style-to-object': [ '1.0.14' ],
38 silly audit   'styled-jsx': [ '5.1.6' ],
38 silly audit   'supports-color': [ '7.2.0' ],
38 silly audit   'supports-preserve-symlinks-flag': [ '1.0.0' ],
38 silly audit   'suspend-react': [ '0.1.3' ],
38 silly audit   tailwindcss: [ '4.2.1' ],
38 silly audit   tapable: [ '2.3.0' ],
38 silly audit   'three-mesh-bvh': [ '0.8.3' ],
38 silly audit   'three-stdlib': [ '2.36.1' ],
38 silly audit   tinyglobby: [ '0.2.15' ],
38 silly audit   fdir: [ '6.5.0' ],
38 silly audit   'to-regex-range': [ '5.0.1' ],
38 silly audit   'trim-lines': [ '3.0.1' ],
38 silly audit   'troika-three-text': [ '0.52.4' ],
38 silly audit   'troika-three-utils': [ '0.52.4' ],
38 silly audit   'troika-worker-utils': [ '0.52.0' ],
38 silly audit   trough: [ '2.2.0' ],
38 silly audit   'ts-api-utils': [ '2.4.0' ],
38 silly audit   'tsconfig-paths': [ '3.15.0' ],
38 silly audit   tslib: [ '2.8.1' ],
38 silly audit   'tunnel-rat': [ '0.1.2' ],
38 silly audit   zustand: [ '4.5.7', '5.0.11' ],
38 silly audit   'type-check': [ '0.4.0' ],
38 silly audit   'typed-array-buffer': [ '1.0.3' ],
38 silly audit   'typed-array-byte-length': [ '1.0.3' ],
38 silly audit   'typed-array-byte-offset': [ '1.0.4' ],
38 silly audit   'typed-array-length': [ '1.0.7' ],
38 silly audit   typescript: [ '5.9.3' ],
38 silly audit   'typescript-eslint': [ '8.57.0' ],
38 silly audit   'unbox-primitive': [ '1.1.0' ],
38 silly audit   'undici-types': [ '6.21.0' ],
38 silly audit   unified: [ '11.0.5' ],
38 silly audit   'unist-util-is': [ '6.0.1' ],
38 silly audit   'unist-util-position': [ '5.0.0' ],
38 silly audit   'unist-util-position-from-estree': [ '2.0.0' ],
38 silly audit   'unist-util-remove': [ '4.0.0' ],
38 silly audit   'unist-util-stringify-position': [ '4.0.0' ],
38 silly audit   'unist-util-visit': [ '5.1.0' ],
38 silly audit   'unist-util-visit-parents': [ '6.0.2' ],
38 silly audit   'unrs-resolver': [ '1.11.1' ],
38 silly audit   'update-browserslist-db': [ '1.2.3' ],
38 silly audit   'uri-js': [ '4.4.1' ],
38 silly audit   'use-sync-external-store': [ '1.6.0' ],
38 silly audit   'utility-types': [ '3.11.0' ],
38 silly audit   vfile: [ '6.0.3' ],
38 silly audit   'vfile-matter': [ '5.0.1' ],
38 silly audit   'vfile-message': [ '4.0.3' ],
38 silly audit   'webgl-constants': [ '1.1.1' ],
38 silly audit   'webgl-sdf-generator': [ '1.1.1' ],
38 silly audit   which: [ '2.0.2' ],
38 silly audit   'which-boxed-primitive': [ '1.1.1' ],
38 silly audit   'which-builtin-type': [ '1.2.1' ],
38 silly audit   'which-collection': [ '1.0.2' ],
38 silly audit   'which-typed-array': [ '1.1.20' ],
38 silly audit   'word-wrap': [ '1.2.5' ],
38 silly audit   yallist: [ '3.1.1' ],
38 silly audit   yaml: [ '2.8.2' ],
38 silly audit   'yocto-queue': [ '0.1.0' ],
38 silly audit   zod: [ '4.3.6' ],
38 silly audit   'zod-validation-error': [ '4.0.2' ],
38 silly audit   zwitch: [ '2.0.4' ],
38 silly audit   'react-hot-toast': [ '2.6.0' ],
38 silly audit   goober: [ '2.1.18' ]
38 silly audit }
39 http cache goober@https://registry.npmjs.org/goober/-/goober-2.1.18.tgz 0ms (cache hit)
40 http cache react-hot-toast@https://registry.npmjs.org/react-hot-toast/-/react-hot-toast-2.6.0.tgz 0ms (cache hit)
41 silly tarball no local data for goober@https://registry.npmjs.org/goober/-/goober-2.1.18.tgz. Extracting by manifest.
42 silly tarball no local data for react-hot-toast@https://registry.npmjs.org/react-hot-toast/-/react-hot-toast-2.6.0.tgz. Extracting by manifest.
43 http fetch GET 200 https://registry.npmjs.org/react-hot-toast/-/react-hot-toast-2.6.0.tgz 4722ms (cache miss)
44 http fetch POST 200 https://registry.npmjs.org/-/npm/v1/security/advisories/bulk 6453ms
45 silly audit report {}
46 http fetch GET 200 https://registry.npmjs.org/goober/-/goober-2.1.18.tgz 17482ms (cache miss)
47 silly ADD node_modules/goober
48 silly ADD node_modules/react-hot-toast
49 verbose cwd C:\xampp\htdocs\lengo-web1
50 verbose os Windows_NT 10.0.19042
51 verbose node v22.14.0
52 verbose npm  v11.6.0
53 verbose exit 0
54 info ok
