0 verbose cli C:\nvm4w\nodejs\node.exe C:\Users\Glo'S\AppData\Roaming\npm\node_modules\npm\bin\npm-cli.js
1 info using npm@11.6.0
2 info using node@v22.14.0
3 silly config load:file:C:\Users\Glo'S\AppData\Roaming\npm\node_modules\npm\npmrc
4 silly config load:file:C:\xampp\htdocs\lengo-web1\.npmrc
5 silly config load:file:C:\Users\Glo'S\.npmrc
6 silly config load:file:C:\Users\Glo'S\AppData\Roaming\npm\etc\npmrc
7 verbose title npm install axios
8 verbose argv "install" "axios"
9 verbose logfile logs-max:10 dir:C:\xampp\htdocs\lengo-web1\npm-cache\_logs\2026-03-15T09_05_08_183Z-
10 verbose logfile C:\xampp\htdocs\lengo-web1\npm-cache\_logs\2026-03-15T09_05_08_183Z-debug-0.log
11 silly logfile done cleaning log files
12 silly packumentCache heap:2197815296 maxSize:549453824 maxEntrySize:274726912
13 silly idealTree buildDeps
14 silly fetch manifest axios@*
15 silly packumentCache full:https://registry.npmjs.org/axios cache-miss
16 verbose shrinkwrap failed to load node_modules/.package-lock.json missing from lockfile: node_modules/asynckit
17 http fetch GET 200 https://registry.npmjs.org/axios 14856ms (cache miss)
18 silly packumentCache full:https://registry.npmjs.org/axios set size:undefined disposed:false
19 silly placeDep ROOT axios@1.13.6 OK for: lengo-web@0.1.0 want: *
20 silly fetch manifest follow-redirects@^1.15.11
21 silly packumentCache full:https://registry.npmjs.org/follow-redirects cache-miss
22 silly fetch manifest form-data@^4.0.5
23 silly packumentCache full:https://registry.npmjs.org/form-data cache-miss
24 silly fetch manifest proxy-from-env@^1.1.0
25 silly packumentCache full:https://registry.npmjs.org/proxy-from-env cache-miss
26 http fetch GET 200 https://registry.npmjs.org/follow-redirects 8518ms (cache miss)
27 silly packumentCache full:https://registry.npmjs.org/follow-redirects set size:undefined disposed:false
28 http fetch GET 200 https://registry.npmjs.org/proxy-from-env 14235ms (cache miss)
29 silly packumentCache full:https://registry.npmjs.org/proxy-from-env set size:undefined disposed:false
30 http fetch GET 200 https://registry.npmjs.org/form-data 16587ms (cache miss)
31 silly packumentCache full:https://registry.npmjs.org/form-data set size:undefined disposed:false
32 silly placeDep ROOT follow-redirects@1.15.11 OK for: axios@1.13.6 want: ^1.15.11
33 silly placeDep ROOT form-data@4.0.5 OK for: axios@1.13.6 want: ^4.0.5
34 silly placeDep ROOT proxy-from-env@1.1.0 OK for: axios@1.13.6 want: ^1.1.0
35 silly fetch manifest asynckit@^0.4.0
36 silly packumentCache full:https://registry.npmjs.org/asynckit cache-miss
37 silly fetch manifest combined-stream@^1.0.8
38 silly packumentCache full:https://registry.npmjs.org/combined-stream cache-miss
39 silly fetch manifest mime-types@^2.1.12
40 silly packumentCache full:https://registry.npmjs.org/mime-types cache-miss
41 http fetch GET 200 https://registry.npmjs.org/combined-stream 4722ms (cache miss)
42 silly packumentCache full:https://registry.npmjs.org/combined-stream set size:undefined disposed:false
43 http fetch GET 200 https://registry.npmjs.org/mime-types 4933ms (cache miss)
44 silly packumentCache full:https://registry.npmjs.org/mime-types set size:undefined disposed:false
45 http fetch GET 200 https://registry.npmjs.org/asynckit 6844ms (cache miss)
46 silly packumentCache full:https://registry.npmjs.org/asynckit set size:undefined disposed:false
47 silly placeDep ROOT asynckit@0.4.0 OK for: form-data@4.0.5 want: ^0.4.0
48 silly placeDep ROOT combined-stream@1.0.8 OK for: form-data@4.0.5 want: ^1.0.8
49 silly placeDep ROOT mime-types@2.1.35 OK for: form-data@4.0.5 want: ^2.1.12
50 silly fetch manifest delayed-stream@~1.0.0
51 silly packumentCache full:https://registry.npmjs.org/delayed-stream cache-miss
52 silly fetch manifest mime-db@1.52.0
53 silly packumentCache full:https://registry.npmjs.org/mime-db cache-miss
54 http fetch GET 200 https://registry.npmjs.org/mime-db 4538ms (cache miss)
55 silly packumentCache full:https://registry.npmjs.org/mime-db set size:undefined disposed:false
56 http fetch GET 200 https://registry.npmjs.org/delayed-stream 6389ms (cache miss)
57 silly packumentCache full:https://registry.npmjs.org/delayed-stream set size:undefined disposed:false
58 silly placeDep ROOT delayed-stream@1.0.0 OK for: combined-stream@1.0.8 want: ~1.0.0
59 silly placeDep ROOT mime-db@1.52.0 OK for: mime-types@2.1.35 want: 1.52.0
60 silly reify mark retired [ 'C:\\xampp\\htdocs\\lengo-web1\\node_modules\\asynckit' ]
61 silly reify mark retired [ 'C:\\xampp\\htdocs\\lengo-web1\\node_modules\\axios' ]
62 silly reify mark retired [ 'C:\\xampp\\htdocs\\lengo-web1\\node_modules\\combined-stream' ]
63 silly reify mark retired [ 'C:\\xampp\\htdocs\\lengo-web1\\node_modules\\delayed-stream' ]
64 silly reify mark retired [ 'C:\\xampp\\htdocs\\lengo-web1\\node_modules\\follow-redirects' ]
65 silly reify mark retired [ 'C:\\xampp\\htdocs\\lengo-web1\\node_modules\\form-data' ]
66 silly reify mark retired [ 'C:\\xampp\\htdocs\\lengo-web1\\node_modules\\mime-db' ]
67 silly reify mark retired [ 'C:\\xampp\\htdocs\\lengo-web1\\node_modules\\mime-types' ]
68 silly reify mark retired [ 'C:\\xampp\\htdocs\\lengo-web1\\node_modules\\proxy-from-env' ]
69 silly reify moves {
69 silly reify   'C:\\xampp\\htdocs\\lengo-web1\\node_modules\\asynckit': 'C:\\xampp\\htdocs\\lengo-web1\\node_modules\\.asynckit-jDzTjcop',
69 silly reify   'C:\\xampp\\htdocs\\lengo-web1\\node_modules\\axios': 'C:\\xampp\\htdocs\\lengo-web1\\node_modules\\.axios-zVUde22V',
69 silly reify   'C:\\xampp\\htdocs\\lengo-web1\\node_modules\\combined-stream': 'C:\\xampp\\htdocs\\lengo-web1\\node_modules\\.combined-stream-rRDUGkrw',
69 silly reify   'C:\\xampp\\htdocs\\lengo-web1\\node_modules\\delayed-stream': 'C:\\xampp\\htdocs\\lengo-web1\\node_modules\\.delayed-stream-DgwgkuXK',
69 silly reify   'C:\\xampp\\htdocs\\lengo-web1\\node_modules\\follow-redirects': 'C:\\xampp\\htdocs\\lengo-web1\\node_modules\\.follow-redirects-MBV311QF',
69 silly reify   'C:\\xampp\\htdocs\\lengo-web1\\node_modules\\form-data': 'C:\\xampp\\htdocs\\lengo-web1\\node_modules\\.form-data-vR6XMt0A',
69 silly reify   'C:\\xampp\\htdocs\\lengo-web1\\node_modules\\mime-db': 'C:\\xampp\\htdocs\\lengo-web1\\node_modules\\.mime-db-sAt2HThm',
69 silly reify   'C:\\xampp\\htdocs\\lengo-web1\\node_modules\\mime-types': 'C:\\xampp\\htdocs\\lengo-web1\\node_modules\\.mime-types-npstSi0S',
69 silly reify   'C:\\xampp\\htdocs\\lengo-web1\\node_modules\\proxy-from-env': 'C:\\xampp\\htdocs\\lengo-web1\\node_modules\\.proxy-from-env-0Hk5pSQv'
69 silly reify }
70 verbose reify failed optional dependency C:\xampp\htdocs\lengo-web1\node_modules\@tailwindcss\oxide-wasm32-wasi
71 silly reify mark deleted [
71 silly reify   'C:\\xampp\\htdocs\\lengo-web1\\node_modules\\@tailwindcss\\oxide-wasm32-wasi'
71 silly reify ]
72 silly audit bulk request {
72 silly audit   '@alloc/quick-lru': [ '5.2.0' ],
72 silly audit   '@babel/code-frame': [ '7.29.0' ],
72 silly audit   '@babel/compat-data': [ '7.29.0' ],
72 silly audit   '@babel/core': [ '7.29.0' ],
72 silly audit   '@babel/generator': [ '7.29.1' ],
72 silly audit   '@babel/helper-compilation-targets': [ '7.28.6' ],
72 silly audit   '@babel/helper-globals': [ '7.28.0' ],
72 silly audit   '@babel/helper-module-imports': [ '7.28.6' ],
72 silly audit   '@babel/helper-module-transforms': [ '7.28.6' ],
72 silly audit   '@babel/helper-string-parser': [ '7.27.1' ],
72 silly audit   '@babel/helper-validator-identifier': [ '7.28.5' ],
72 silly audit   '@babel/helper-validator-option': [ '7.27.1' ],
72 silly audit   '@babel/helpers': [ '7.28.6' ],
72 silly audit   '@babel/parser': [ '7.29.0' ],
72 silly audit   '@babel/runtime': [ '7.28.6' ],
72 silly audit   '@babel/template': [ '7.28.6' ],
72 silly audit   '@babel/traverse': [ '7.29.0' ],
72 silly audit   '@babel/types': [ '7.29.0' ],
72 silly audit   '@dimforge/rapier3d-compat': [ '0.12.0' ],
72 silly audit   '@emnapi/core': [ '1.8.1' ],
72 silly audit   '@emnapi/runtime': [ '1.8.1' ],
72 silly audit   '@emnapi/wasi-threads': [ '1.1.0' ],
72 silly audit   '@eslint-community/eslint-utils': [ '4.9.1' ],
72 silly audit   'eslint-visitor-keys': [ '3.4.3', '5.0.1', '4.2.1' ],
72 silly audit   '@eslint-community/regexpp': [ '4.12.2' ],
72 silly audit   '@eslint/config-array': [ '0.21.2' ],
72 silly audit   '@eslint/config-helpers': [ '0.4.2' ],
72 silly audit   '@eslint/core': [ '0.17.0' ],
72 silly audit   '@eslint/eslintrc': [ '3.3.5' ],
72 silly audit   '@eslint/js': [ '9.39.4' ],
72 silly audit   '@eslint/object-schema': [ '2.1.7' ],
72 silly audit   '@eslint/plugin-kit': [ '0.4.1' ],
72 silly audit   '@humanfs/core': [ '0.19.1' ],
72 silly audit   '@humanfs/node': [ '0.16.7' ],
72 silly audit   '@humanwhocodes/module-importer': [ '1.0.1' ],
72 silly audit   '@humanwhocodes/retry': [ '0.4.3' ],
72 silly audit   '@img/colour': [ '1.1.0' ],
72 silly audit   '@img/sharp-darwin-arm64': [ '0.34.5' ],
72 silly audit   '@img/sharp-darwin-x64': [ '0.34.5' ],
72 silly audit   '@img/sharp-libvips-darwin-arm64': [ '1.2.4' ],
72 silly audit   '@img/sharp-libvips-darwin-x64': [ '1.2.4' ],
72 silly audit   '@img/sharp-libvips-linux-arm': [ '1.2.4' ],
72 silly audit   '@img/sharp-libvips-linux-arm64': [ '1.2.4' ],
72 silly audit   '@img/sharp-libvips-linux-ppc64': [ '1.2.4' ],
72 silly audit   '@img/sharp-libvips-linux-riscv64': [ '1.2.4' ],
72 silly audit   '@img/sharp-libvips-linux-s390x': [ '1.2.4' ],
72 silly audit   '@img/sharp-libvips-linux-x64': [ '1.2.4' ],
72 silly audit   '@img/sharp-libvips-linuxmusl-arm64': [ '1.2.4' ],
72 silly audit   '@img/sharp-libvips-linuxmusl-x64': [ '1.2.4' ],
72 silly audit   '@img/sharp-linux-arm': [ '0.34.5' ],
72 silly audit   '@img/sharp-linux-arm64': [ '0.34.5' ],
72 silly audit   '@img/sharp-linux-ppc64': [ '0.34.5' ],
72 silly audit   '@img/sharp-linux-riscv64': [ '0.34.5' ],
72 silly audit   '@img/sharp-linux-s390x': [ '0.34.5' ],
72 silly audit   '@img/sharp-linux-x64': [ '0.34.5' ],
72 silly audit   '@img/sharp-linuxmusl-arm64': [ '0.34.5' ],
72 silly audit   '@img/sharp-linuxmusl-x64': [ '0.34.5' ],
72 silly audit   '@img/sharp-wasm32': [ '0.34.5' ],
72 silly audit   '@img/sharp-win32-arm64': [ '0.34.5' ],
72 silly audit   '@img/sharp-win32-ia32': [ '0.34.5' ],
72 silly audit   '@img/sharp-win32-x64': [ '0.34.5' ],
72 silly audit   '@jridgewell/gen-mapping': [ '0.3.13' ],
72 silly audit   '@jridgewell/remapping': [ '2.3.5' ],
72 silly audit   '@jridgewell/resolve-uri': [ '3.1.2' ],
72 silly audit   '@jridgewell/sourcemap-codec': [ '1.5.5' ],
72 silly audit   '@jridgewell/trace-mapping': [ '0.3.31' ],
72 silly audit   '@lottiefiles/react-lottie-player': [ '3.6.0' ],
72 silly audit   '@mdx-js/mdx': [ '3.1.1' ],
72 silly audit   '@mdx-js/react': [ '3.1.1' ],
72 silly audit   '@mediapipe/tasks-vision': [ '0.10.17' ],
72 silly audit   '@monogrid/gainmap-js': [ '3.4.0' ],
72 silly audit   '@napi-rs/wasm-runtime': [ '0.2.12' ],
72 silly audit   '@next/env': [ '16.1.6' ],
72 silly audit   '@next/eslint-plugin-next': [ '16.1.6' ],
72 silly audit   '@next/mdx': [ '16.1.6' ],
72 silly audit   '@next/swc-darwin-arm64': [ '16.1.6' ],
72 silly audit   '@next/swc-darwin-x64': [ '16.1.6' ],
72 silly audit   '@next/swc-linux-arm64-gnu': [ '16.1.6' ],
72 silly audit   '@next/swc-linux-arm64-musl': [ '16.1.6' ],
72 silly audit   '@next/swc-linux-x64-gnu': [ '16.1.6' ],
72 silly audit   '@next/swc-linux-x64-musl': [ '16.1.6' ],
72 silly audit   '@next/swc-win32-arm64-msvc': [ '16.1.6' ],
72 silly audit   '@next/swc-win32-x64-msvc': [ '16.1.6' ],
72 silly audit   '@nodelib/fs.scandir': [ '2.1.5' ],
72 silly audit   '@nodelib/fs.stat': [ '2.0.5' ],
72 silly audit   '@nodelib/fs.walk': [ '1.2.8' ],
72 silly audit   '@nolyfill/is-core-module': [ '1.0.39' ],
72 silly audit   '@react-three/drei': [ '10.7.7' ],
72 silly audit   '@react-three/fiber': [ '9.5.0' ],
72 silly audit   '@rtsao/scc': [ '1.1.0' ],
72 silly audit   '@stripe/stripe-js': [ '8.9.0' ],
72 silly audit   '@swc/helpers': [ '0.5.15' ],
72 silly audit   '@tailwindcss/node': [ '4.2.1' ],
72 silly audit   '@tailwindcss/oxide': [ '4.2.1' ],
72 silly audit   '@tailwindcss/oxide-android-arm64': [ '4.2.1' ],
72 silly audit   '@tailwindcss/oxide-darwin-arm64': [ '4.2.1' ],
72 silly audit   '@tailwindcss/oxide-darwin-x64': [ '4.2.1' ],
72 silly audit   '@tailwindcss/oxide-freebsd-x64': [ '4.2.1' ],
72 silly audit   '@tailwindcss/oxide-linux-arm-gnueabihf': [ '4.2.1' ],
72 silly audit   '@tailwindcss/oxide-linux-arm64-gnu': [ '4.2.1' ],
72 silly audit   '@tailwindcss/oxide-linux-arm64-musl': [ '4.2.1' ],
72 silly audit   '@tailwindcss/oxide-linux-x64-gnu': [ '4.2.1' ],
72 silly audit   '@tailwindcss/oxide-linux-x64-musl': [ '4.2.1' ],
72 silly audit   '@tailwindcss/oxide-win32-arm64-msvc': [ '4.2.1' ],
72 silly audit   '@tailwindcss/oxide-win32-x64-msvc': [ '4.2.1' ],
72 silly audit   '@tailwindcss/postcss': [ '4.2.1' ],
72 silly audit   '@tweenjs/tween.js': [ '23.1.3' ],
72 silly audit   '@tybys/wasm-util': [ '0.10.1' ],
72 silly audit   '@types/debug': [ '4.1.12' ],
72 silly audit   '@types/draco3d': [ '1.4.10' ],
72 silly audit   '@types/estree': [ '1.0.8' ],
72 silly audit   '@types/estree-jsx': [ '1.0.5' ],
72 silly audit   '@types/hast': [ '3.0.4' ],
72 silly audit   '@types/json-schema': [ '7.0.15' ],
72 silly audit   '@types/json5': [ '0.0.29' ],
72 silly audit   '@types/mdast': [ '4.0.4' ],
72 silly audit   '@types/mdx': [ '2.0.13' ],
72 silly audit   '@types/ms': [ '2.1.0' ],
72 silly audit   '@types/node': [ '20.19.37' ],
72 silly audit   '@types/offscreencanvas': [ '2019.7.3' ],
72 silly audit   '@types/react': [ '19.2.14' ],
72 silly audit   '@types/react-dom': [ '19.2.3' ],
72 silly audit   '@types/react-reconciler': [ '0.28.9' ],
72 silly audit   '@types/stats.js': [ '0.17.4' ],
72 silly audit   '@types/three': [ '0.183.1' ],
72 silly audit   '@types/unist': [ '3.0.3', '2.0.11' ],
72 silly audit   '@types/webxr': [ '0.5.24' ],
72 silly audit   '@typescript-eslint/eslint-plugin': [ '8.57.0' ],
72 silly audit   ignore: [ '7.0.5', '5.3.2' ],
72 silly audit   '@typescript-eslint/parser': [ '8.57.0' ],
72 silly audit   '@typescript-eslint/project-service': [ '8.57.0' ],
72 silly audit   '@typescript-eslint/scope-manager': [ '8.57.0' ],
72 silly audit   '@typescript-eslint/tsconfig-utils': [ '8.57.0' ],
72 silly audit   '@typescript-eslint/type-utils': [ '8.57.0' ],
72 silly audit   '@typescript-eslint/types': [ '8.57.0' ],
72 silly audit   '@typescript-eslint/typescript-estree': [ '8.57.0' ],
72 silly audit   'balanced-match': [ '4.0.4', '1.0.2' ],
72 silly audit   'brace-expansion': [ '5.0.4', '1.1.12' ],
72 silly audit   minimatch: [ '10.2.4', '3.1.5' ],
72 silly audit   semver: [ '7.7.4', '6.3.1' ],
72 silly audit   '@typescript-eslint/utils': [ '8.57.0' ],
72 silly audit   '@typescript-eslint/visitor-keys': [ '8.57.0' ],
72 silly audit   '@ungap/structured-clone': [ '1.3.0' ],
72 silly audit   '@unrs/resolver-binding-android-arm-eabi': [ '1.11.1' ],
72 silly audit   '@unrs/resolver-binding-android-arm64': [ '1.11.1' ],
72 silly audit   '@unrs/resolver-binding-darwin-arm64': [ '1.11.1' ],
72 silly audit   '@unrs/resolver-binding-darwin-x64': [ '1.11.1' ],
72 silly audit   '@unrs/resolver-binding-freebsd-x64': [ '1.11.1' ],
72 silly audit   '@unrs/resolver-binding-linux-arm-gnueabihf': [ '1.11.1' ],
72 silly audit   '@unrs/resolver-binding-linux-arm-musleabihf': [ '1.11.1' ],
72 silly audit   '@unrs/resolver-binding-linux-arm64-gnu': [ '1.11.1' ],
72 silly audit   '@unrs/resolver-binding-linux-arm64-musl': [ '1.11.1' ],
72 silly audit   '@unrs/resolver-binding-linux-ppc64-gnu': [ '1.11.1' ],
72 silly audit   '@unrs/resolver-binding-linux-riscv64-gnu': [ '1.11.1' ],
72 silly audit   '@unrs/resolver-binding-linux-riscv64-musl': [ '1.11.1' ],
72 silly audit   '@unrs/resolver-binding-linux-s390x-gnu': [ '1.11.1' ],
72 silly audit   '@unrs/resolver-binding-linux-x64-gnu': [ '1.11.1' ],
72 silly audit   '@unrs/resolver-binding-linux-x64-musl': [ '1.11.1' ],
72 silly audit   '@unrs/resolver-binding-wasm32-wasi': [ '1.11.1' ],
72 silly audit   '@unrs/resolver-binding-win32-arm64-msvc': [ '1.11.1' ],
72 silly audit   '@unrs/resolver-binding-win32-ia32-msvc': [ '1.11.1' ],
72 silly audit   '@unrs/resolver-binding-win32-x64-msvc': [ '1.11.1' ],
72 silly audit   '@use-gesture/core': [ '10.3.1' ],
72 silly audit   '@use-gesture/react': [ '10.3.1' ],
72 silly audit   '@webgpu/types': [ '0.1.69' ],
72 silly audit   acorn: [ '8.16.0' ],
72 silly audit   'acorn-jsx': [ '5.3.2' ],
72 silly audit   ajv: [ '6.14.0' ],
72 silly audit   'ansi-styles': [ '4.3.0' ],
72 silly audit   argparse: [ '2.0.1', '1.0.10' ],
72 silly audit   'aria-query': [ '5.3.2' ],
72 silly audit   'array-buffer-byte-length': [ '1.0.2' ],
72 silly audit   'array-includes': [ '3.1.9' ],
72 silly audit   'array.prototype.findlast': [ '1.2.5' ],
72 silly audit   'array.prototype.findlastindex': [ '1.2.6' ],
72 silly audit   'array.prototype.flat': [ '1.3.3' ],
72 silly audit   'array.prototype.flatmap': [ '1.3.3' ],
72 silly audit   'array.prototype.tosorted': [ '1.1.4' ],
72 silly audit   'arraybuffer.prototype.slice': [ '1.0.4' ],
72 silly audit   'ast-types-flow': [ '0.0.8' ],
72 silly audit   astring: [ '1.9.0' ],
72 silly audit   'async-function': [ '1.0.0' ],
72 silly audit   'available-typed-arrays': [ '1.0.7' ],
72 silly audit   'axe-core': [ '4.11.1' ],
72 silly audit   'axobject-query': [ '4.1.0' ],
72 silly audit   bail: [ '2.0.2' ],
72 silly audit   'base64-js': [ '1.5.1' ],
72 silly audit   'baseline-browser-mapping': [ '2.10.0' ],
72 silly audit   'bidi-js': [ '1.0.3' ],
72 silly audit   braces: [ '3.0.3' ],
72 silly audit   browserslist: [ '4.28.1' ],
72 silly audit   buffer: [ '6.0.3' ],
72 silly audit   'call-bind': [ '1.0.8' ],
72 silly audit   'call-bind-apply-helpers': [ '1.0.2' ],
72 silly audit   'call-bound': [ '1.0.4' ],
72 silly audit   callsites: [ '3.1.0' ],
72 silly audit   'camera-controls': [ '3.1.2' ],
72 silly audit   'caniuse-lite': [ '1.0.30001777' ],
72 silly audit   ccount: [ '2.0.1' ],
72 silly audit   chalk: [ '4.1.2' ],
72 silly audit   'character-entities': [ '2.0.2' ],
72 silly audit   'character-entities-html4': [ '2.1.0' ],
72 silly audit   'character-entities-legacy': [ '3.0.0' ],
72 silly audit   'character-reference-invalid': [ '2.0.1' ],
72 silly audit   'client-only': [ '0.0.1' ],
72 silly audit   'collapse-white-space': [ '2.1.0' ],
72 silly audit   'color-convert': [ '2.0.1' ],
72 silly audit   'color-name': [ '1.1.4' ],
72 silly audit   'comma-separated-tokens': [ '2.0.3' ],
72 silly audit   'concat-map': [ '0.0.1' ],
72 silly audit   'convert-source-map': [ '2.0.0' ],
72 silly audit   'countup.js': [ '2.10.0' ],
72 silly audit   'cross-env': [ '7.0.3' ],
72 silly audit   'cross-spawn': [ '7.0.6' ],
72 silly audit   csstype: [ '3.2.3' ],
72 silly audit   'damerau-levenshtein': [ '1.0.8' ],
72 silly audit   'data-view-buffer': [ '1.0.2' ],
72 silly audit   'data-view-byte-length': [ '1.0.2' ],
72 silly audit   'data-view-byte-offset': [ '1.0.1' ],
72 silly audit   debug: [ '4.4.3', '3.2.7' ],
72 silly audit   'decode-named-character-reference': [ '1.3.0' ],
72 silly audit   'deep-is': [ '0.1.4' ],
72 silly audit   'define-data-property': [ '1.1.4' ],
72 silly audit   'define-properties': [ '1.2.1' ],
72 silly audit   dequal: [ '2.0.3' ],
72 silly audit   'detect-gpu': [ '5.0.70' ],
72 silly audit   'detect-libc': [ '2.1.2' ],
72 silly audit   devlop: [ '1.1.0' ],
72 silly audit   doctrine: [ '2.1.0' ],
72 silly audit   draco3d: [ '1.5.7' ],
72 silly audit   'dunder-proto': [ '1.0.1' ],
72 silly audit   'electron-to-chromium': [ '1.5.307' ],
72 silly audit   'emoji-regex': [ '9.2.2' ],
72 silly audit   'enhanced-resolve': [ '5.20.0' ],
72 silly audit   'es-abstract': [ '1.24.1' ],
72 silly audit   'es-define-property': [ '1.0.1' ],
72 silly audit   'es-errors': [ '1.3.0' ],
72 silly audit   'es-iterator-helpers': [ '1.2.2' ],
72 silly audit   'es-object-atoms': [ '1.1.1' ],
72 silly audit   'es-set-tostringtag': [ '2.1.0' ],
72 silly audit   'es-shim-unscopables': [ '1.1.0' ],
72 silly audit   'es-to-primitive': [ '1.3.0' ],
72 silly audit   'esast-util-from-estree': [ '2.0.0' ],
72 silly audit   'esast-util-from-js': [ '2.0.1' ],
72 silly audit   escalade: [ '3.2.0' ],
72 silly audit   'escape-string-regexp': [ '4.0.0' ],
72 silly audit   eslint: [ '9.39.4' ],
72 silly audit   'eslint-config-next': [ '16.1.6' ],
72 silly audit   globals: [ '16.4.0', '14.0.0' ],
72 silly audit   'eslint-import-resolver-node': [ '0.3.9' ],
72 silly audit   'eslint-import-resolver-typescript': [ '3.10.1' ],
72 silly audit   'eslint-module-utils': [ '2.12.1' ],
72 silly audit   'eslint-plugin-import': [ '2.32.0' ],
72 silly audit   'eslint-plugin-jsx-a11y': [ '6.10.2' ],
72 silly audit   'eslint-plugin-react': [ '7.37.5' ],
72 silly audit   'eslint-plugin-react-hooks': [ '7.0.1' ],
72 silly audit   resolve: [ '2.0.0-next.6', '1.22.11' ],
72 silly audit   'eslint-scope': [ '8.4.0' ],
72 silly audit   espree: [ '10.4.0' ],
72 silly audit   esprima: [ '4.0.1' ],
72 silly audit   esquery: [ '1.7.0' ],
72 silly audit   esrecurse: [ '4.3.0' ],
72 silly audit   estraverse: [ '5.3.0' ],
72 silly audit   'estree-util-attach-comments': [ '3.0.0' ],
72 silly audit   'estree-util-build-jsx': [ '3.0.1' ],
72 silly audit   'estree-util-is-identifier-name': [ '3.0.0' ],
72 silly audit   'estree-util-scope': [ '1.0.0' ],
72 silly audit   'estree-util-to-js': [ '2.0.0' ],
72 silly audit   'estree-util-visit': [ '2.0.0' ],
72 silly audit   'estree-walker': [ '3.0.3' ],
72 silly audit   esutils: [ '2.0.3' ],
72 silly audit   extend: [ '3.0.2' ],
72 silly audit   'extend-shallow': [ '2.0.1' ],
72 silly audit   'fast-deep-equal': [ '3.1.3' ],
72 silly audit   'fast-glob': [ '3.3.1' ],
72 silly audit   'glob-parent': [ '5.1.2', '6.0.2' ],
72 silly audit   'fast-json-stable-stringify': [ '2.1.0' ],
72 silly audit   'fast-levenshtein': [ '2.0.6' ],
72 silly audit   fastq: [ '1.20.1' ],
72 silly audit   fflate: [ '0.8.2', '0.6.10' ],
72 silly audit   'file-entry-cache': [ '8.0.0' ],
72 silly audit   'fill-range': [ '7.1.1' ],
72 silly audit   'find-up': [ '5.0.0' ],
72 silly audit   'flat-cache': [ '4.0.1' ],
72 silly audit   flatted: [ '3.4.1' ],
72 silly audit   'for-each': [ '0.3.5' ],
72 silly audit   'framer-motion': [ '12.35.2' ],
72 silly audit   fs: [ '0.0.1-security' ],
72 silly audit   'function-bind': [ '1.1.2' ],
72 silly audit   'function.prototype.name': [ '1.1.8' ],
72 silly audit   'functions-have-names': [ '1.2.3' ],
72 silly audit   'generator-function': [ '2.0.1' ],
72 silly audit   gensync: [ '1.0.0-beta.2' ],
72 silly audit   'get-intrinsic': [ '1.3.0' ],
72 silly audit   'get-proto': [ '1.0.1' ],
72 silly audit   'get-symbol-description': [ '1.1.0' ],
72 silly audit   'get-tsconfig': [ '4.13.6' ],
72 silly audit   globalthis: [ '1.0.4' ],
72 silly audit   'glsl-noise': [ '0.0.0' ],
72 silly audit   goober: [ '2.1.18' ],
72 silly audit   gopd: [ '1.2.0' ],
72 silly audit   'graceful-fs': [ '4.2.11' ],
72 silly audit   'gray-matter': [ '4.0.3' ],
72 silly audit   'js-yaml': [ '3.14.2', '4.1.1' ],
72 silly audit   'has-bigints': [ '1.1.0' ],
72 silly audit   'has-flag': [ '4.0.0' ],
72 silly audit   'has-property-descriptors': [ '1.0.2' ],
72 silly audit   'has-proto': [ '1.2.0' ],
72 silly audit   'has-symbols': [ '1.1.0' ],
72 silly audit   'has-tostringtag': [ '1.0.2' ],
72 silly audit   hasown: [ '2.0.2' ],
72 silly audit   'hast-util-to-estree': [ '3.1.3' ],
72 silly audit   'hast-util-to-jsx-runtime': [ '2.3.6' ],
72 silly audit   'hast-util-whitespace': [ '3.0.0' ],
72 silly audit   'hermes-estree': [ '0.25.1' ],
72 silly audit   'hermes-parser': [ '0.25.1' ],
72 silly audit   'hls.js': [ '1.6.15' ],
72 silly audit   ieee754: [ '1.2.1' ],
72 silly audit   immediate: [ '3.0.6' ],
72 silly audit   'import-fresh': [ '3.3.1' ],
72 silly audit   imurmurhash: [ '0.1.4' ],
72 silly audit   'inline-style-parser': [ '0.2.7' ],
72 silly audit   'internal-slot': [ '1.1.0' ],
72 silly audit   'is-alphabetical': [ '2.0.1' ],
72 silly audit   'is-alphanumerical': [ '2.0.1' ],
72 silly audit   'is-array-buffer': [ '3.0.5' ],
72 silly audit   'is-async-function': [ '2.1.1' ],
72 silly audit   'is-bigint': [ '1.1.0' ],
72 silly audit   'is-boolean-object': [ '1.2.2' ],
72 silly audit   'is-bun-module': [ '2.0.0' ],
72 silly audit   'is-callable': [ '1.2.7' ],
72 silly audit   'is-core-module': [ '2.16.1' ],
72 silly audit   'is-data-view': [ '1.0.2' ],
72 silly audit   'is-date-object': [ '1.1.0' ],
72 silly audit   'is-decimal': [ '2.0.1' ],
72 silly audit   'is-extendable': [ '0.1.1' ],
72 silly audit   'is-extglob': [ '2.1.1' ],
72 silly audit   'is-finalizationregistry': [ '1.1.1' ],
72 silly audit   'is-generator-function': [ '1.1.2' ],
72 silly audit   'is-glob': [ '4.0.3' ],
72 silly audit   'is-hexadecimal': [ '2.0.1' ],
72 silly audit   'is-map': [ '2.0.3' ],
72 silly audit   'is-negative-zero': [ '2.0.3' ],
72 silly audit   'is-number': [ '7.0.0' ],
72 silly audit   'is-number-object': [ '1.1.1' ],
72 silly audit   'is-plain-obj': [ '4.1.0' ],
72 silly audit   'is-promise': [ '2.2.2' ],
72 silly audit   'is-regex': [ '1.2.1' ],
72 silly audit   'is-set': [ '2.0.3' ],
72 silly audit   'is-shared-array-buffer': [ '1.0.4' ],
72 silly audit   'is-string': [ '1.1.1' ],
72 silly audit   'is-symbol': [ '1.1.1' ],
72 silly audit   'is-typed-array': [ '1.1.15' ],
72 silly audit   'is-weakmap': [ '2.0.2' ],
72 silly audit   'is-weakref': [ '1.1.1' ],
72 silly audit   'is-weakset': [ '2.0.4' ],
72 silly audit   isarray: [ '2.0.5' ],
72 silly audit   isexe: [ '2.0.0' ],
72 silly audit   'iterator.prototype': [ '1.1.5' ],
72 silly audit   'its-fine': [ '2.0.0' ],
72 silly audit   jiti: [ '2.6.1' ],
72 silly audit   'js-tokens': [ '4.0.0' ],
72 silly audit   jsesc: [ '3.1.0' ],
72 silly audit   'json-buffer': [ '3.0.1' ],
72 silly audit   'json-schema-traverse': [ '0.4.1' ],
72 silly audit   'json-stable-stringify-without-jsonify': [ '1.0.1' ],
72 silly audit   json5: [ '2.2.3', '1.0.2' ],
72 silly audit   'jsx-ast-utils': [ '3.3.5' ],
72 silly audit   keyv: [ '4.5.4' ],
72 silly audit   'kind-of': [ '6.0.3' ],
72 silly audit   'language-subtag-registry': [ '0.3.23' ],
72 silly audit   'language-tags': [ '1.0.9' ],
72 silly audit   levn: [ '0.4.1' ],
72 silly audit   lie: [ '3.3.0' ],
72 silly audit   lightningcss: [ '1.31.1' ],
72 silly audit   'lightningcss-android-arm64': [ '1.31.1' ],
72 silly audit   'lightningcss-darwin-arm64': [ '1.31.1' ],
72 silly audit   'lightningcss-darwin-x64': [ '1.31.1' ],
72 silly audit   'lightningcss-freebsd-x64': [ '1.31.1' ],
72 silly audit   'lightningcss-linux-arm-gnueabihf': [ '1.31.1' ],
72 silly audit   'lightningcss-linux-arm64-gnu': [ '1.31.1' ],
72 silly audit   'lightningcss-linux-arm64-musl': [ '1.31.1' ],
72 silly audit   'lightningcss-linux-x64-gnu': [ '1.31.1' ],
72 silly audit   'lightningcss-linux-x64-musl': [ '1.31.1' ],
72 silly audit   'lightningcss-win32-arm64-msvc': [ '1.31.1' ],
72 silly audit   'lightningcss-win32-x64-msvc': [ '1.31.1' ],
72 silly audit   'locate-path': [ '6.0.0' ],
72 silly audit   'lodash.merge': [ '4.6.2' ],
72 silly audit   'longest-streak': [ '3.1.0' ],
72 silly audit   'loose-envify': [ '1.4.0' ],
72 silly audit   'lottie-web': [ '5.13.0' ],
72 silly audit   'lru-cache': [ '5.1.1' ],
72 silly audit   'lucide-react': [ '0.577.0' ],
72 silly audit   maath: [ '0.10.8' ],
72 silly audit   'magic-string': [ '0.30.21' ],
72 silly audit   'markdown-extensions': [ '2.0.0' ],
72 silly audit   'math-intrinsics': [ '1.1.0' ],
72 silly audit   'mdast-util-from-markdown': [ '2.0.3' ],
72 silly audit   'mdast-util-mdx': [ '3.0.0' ],
72 silly audit   'mdast-util-mdx-expression': [ '2.0.1' ],
72 silly audit   'mdast-util-mdx-jsx': [ '3.2.0' ],
72 silly audit   'mdast-util-mdxjs-esm': [ '2.0.1' ],
72 silly audit   'mdast-util-phrasing': [ '4.1.0' ],
72 silly audit   'mdast-util-to-hast': [ '13.2.1' ],
72 silly audit   'mdast-util-to-markdown': [ '2.1.2' ],
72 silly audit   'mdast-util-to-string': [ '4.0.0' ],
72 silly audit   merge2: [ '1.4.1' ],
72 silly audit   meshline: [ '3.3.1' ],
72 silly audit   meshoptimizer: [ '1.0.1' ],
72 silly audit   micromark: [ '4.0.2' ],
72 silly audit   'micromark-core-commonmark': [ '2.0.3' ],
72 silly audit   'micromark-extension-mdx-expression': [ '3.0.1' ],
72 silly audit   'micromark-extension-mdx-jsx': [ '3.0.2' ],
72 silly audit   'micromark-extension-mdx-md': [ '2.0.0' ],
72 silly audit   'micromark-extension-mdxjs': [ '3.0.0' ],
72 silly audit   'micromark-extension-mdxjs-esm': [ '3.0.0' ],
72 silly audit   'micromark-factory-destination': [ '2.0.1' ],
72 silly audit   'micromark-factory-label': [ '2.0.1' ],
72 silly audit   'micromark-factory-mdx-expression': [ '2.0.3' ],
72 silly audit   'micromark-factory-space': [ '2.0.1' ],
72 silly audit   'micromark-factory-title': [ '2.0.1' ],
72 silly audit   'micromark-factory-whitespace': [ '2.0.1' ],
72 silly audit   'micromark-util-character': [ '2.1.1' ],
72 silly audit   'micromark-util-chunked': [ '2.0.1' ],
72 silly audit   'micromark-util-classify-character': [ '2.0.1' ],
72 silly audit   'micromark-util-combine-extensions': [ '2.0.1' ],
72 silly audit   'micromark-util-decode-numeric-character-reference': [ '2.0.2' ],
72 silly audit   'micromark-util-decode-string': [ '2.0.1' ],
72 silly audit   'micromark-util-encode': [ '2.0.1' ],
72 silly audit   'micromark-util-events-to-acorn': [ '2.0.3' ],
72 silly audit   'micromark-util-html-tag-name': [ '2.0.1' ],
72 silly audit   'micromark-util-normalize-identifier': [ '2.0.1' ],
72 silly audit   'micromark-util-resolve-all': [ '2.0.1' ],
72 silly audit   'micromark-util-sanitize-uri': [ '2.0.1' ],
72 silly audit   'micromark-util-subtokenize': [ '2.1.0' ],
72 silly audit   'micromark-util-symbol': [ '2.0.1' ],
72 silly audit   'micromark-util-types': [ '2.0.2' ],
72 silly audit   micromatch: [ '4.0.8' ],
72 silly audit   minimist: [ '1.2.8' ],
72 silly audit   'motion-dom': [ '12.35.2' ],
72 silly audit   'motion-utils': [ '12.29.2' ],
72 silly audit   ms: [ '2.1.3' ],
72 silly audit   nanoid: [ '3.3.11' ],
72 silly audit   'napi-postinstall': [ '0.3.4' ],
72 silly audit   'natural-compare': [ '1.4.0' ],
72 silly audit   next: [ '16.1.6' ],
72 silly audit   'next-mdx-remote': [ '6.0.0' ],
72 silly audit   'next-themes': [ '0.4.6' ],
72 silly audit   postcss: [ '8.4.31', '8.5.8' ],
72 silly audit   'node-exports-info': [ '1.6.0' ],
72 silly audit   'node-releases': [ '2.0.36' ],
72 silly audit   'object-assign': [ '4.1.1' ],
72 silly audit   'object-inspect': [ '1.13.4' ],
72 silly audit   'object-keys': [ '1.1.1' ],
72 silly audit   'object.assign': [ '4.1.7' ],
72 silly audit   'object.entries': [ '1.1.9' ],
72 silly audit   'object.fromentries': [ '2.0.8' ],
72 silly audit   'object.groupby': [ '1.0.3' ],
72 silly audit   'object.values': [ '1.2.1' ],
72 silly audit   optionator: [ '0.9.4' ],
72 silly audit   'own-keys': [ '1.0.1' ],
72 silly audit   'p-limit': [ '3.1.0' ],
72 silly audit   'p-locate': [ '5.0.0' ],
72 silly audit   'parent-module': [ '1.0.1' ],
72 silly audit   'parse-entities': [ '4.0.2' ],
72 silly audit   'path-exists': [ '4.0.0' ],
72 silly audit   'path-key': [ '3.1.1' ],
72 silly audit   'path-parse': [ '1.0.7' ],
72 silly audit   picocolors: [ '1.1.1' ],
72 silly audit   picomatch: [ '2.3.1', '4.0.3' ],
72 silly audit   'possible-typed-array-names': [ '1.1.0' ],
72 silly audit   potpack: [ '1.0.2' ],
72 silly audit   'prelude-ls': [ '1.2.1' ],
72 silly audit   'promise-worker-transferable': [ '1.0.4' ],
72 silly audit   'prop-types': [ '15.8.1' ],
72 silly audit   'property-information': [ '7.1.0' ],
72 silly audit   punycode: [ '2.3.1' ],
72 silly audit   'queue-microtask': [ '1.2.3' ],
72 silly audit   react: [ '19.2.3' ],
72 silly audit   'react-countup': [ '6.5.3' ],
72 silly audit   'react-dom': [ '19.2.3' ],
72 silly audit   'react-hook-form': [ '7.71.2' ],
72 silly audit   'react-hot-toast': [ '2.6.0' ],
72 silly audit   'react-icons': [ '5.6.0' ],
72 silly audit   'react-intersection-observer': [ '10.0.3' ],
72 silly audit   'react-is': [ '16.13.1' ],
72 silly audit   'react-swipeable': [ '7.0.2' ],
72 silly audit   'react-use-measure': [ '2.1.7' ],
72 silly audit   'reading-time': [ '1.5.0' ],
72 silly audit   'recma-build-jsx': [ '1.0.0' ],
72 silly audit   'recma-jsx': [ '1.0.1' ],
72 silly audit   'recma-parse': [ '1.0.0' ],
72 silly audit   'recma-stringify': [ '1.0.0' ],
72 silly audit   'reflect.getprototypeof': [ '1.0.10' ],
72 silly audit   'regexp.prototype.flags': [ '1.5.4' ],
72 silly audit   'rehype-recma': [ '1.0.0' ],
72 silly audit   'remark-mdx': [ '3.1.1' ],
72 silly audit   'remark-parse': [ '11.0.0' ],
72 silly audit   'remark-rehype': [ '11.1.2' ],
72 silly audit   'require-from-string': [ '2.0.2' ],
72 silly audit   'resolve-from': [ '4.0.0' ],
72 silly audit   'resolve-pkg-maps': [ '1.0.0' ],
72 silly audit   reusify: [ '1.1.0' ],
72 silly audit   'run-parallel': [ '1.2.0' ],
72 silly audit   'safe-array-concat': [ '1.1.3' ],
72 silly audit   'safe-push-apply': [ '1.0.0' ],
72 silly audit   'safe-regex-test': [ '1.1.0' ],
72 silly audit   scheduler: [ '0.27.0' ],
72 silly audit   'section-matter': [ '1.0.0' ],
72 silly audit   'set-function-length': [ '1.2.2' ],
72 silly audit   'set-function-name': [ '2.0.2' ],
72 silly audit   'set-proto': [ '1.0.0' ],
72 silly audit   sharp: [ '0.34.5' ],
72 silly audit   'shebang-command': [ '2.0.0' ],
72 silly audit   'shebang-regex': [ '3.0.0' ],
72 silly audit   'side-channel': [ '1.1.0' ],
72 silly audit   'side-channel-list': [ '1.0.0' ],
72 silly audit   'side-channel-map': [ '1.0.1' ],
72 silly audit   'side-channel-weakmap': [ '1.0.2' ],
72 silly audit   'source-map': [ '0.7.6' ],
72 silly audit   'source-map-js': [ '1.2.1' ],
72 silly audit   'space-separated-tokens': [ '2.0.2' ],
72 silly audit   'sprintf-js': [ '1.0.3' ],
72 silly audit   'stable-hash': [ '0.0.5' ],
72 silly audit   'stats-gl': [ '2.4.2' ],
72 silly audit   three: [ '0.170.0', '0.183.2' ],
72 silly audit   'stats.js': [ '0.17.0' ],
72 silly audit   'stop-iteration-iterator': [ '1.1.0' ],
72 silly audit   'string.prototype.includes': [ '2.0.1' ],
72 silly audit   'string.prototype.matchall': [ '4.0.12' ],
72 silly audit   'string.prototype.repeat': [ '1.0.0' ],
72 silly audit   'string.prototype.trim': [ '1.2.10' ],
72 silly audit   'string.prototype.trimend': [ '1.0.9' ],
72 silly audit   'string.prototype.trimstart': [ '1.0.8' ],
72 silly audit   'stringify-entities': [ '4.0.4' ],
72 silly audit   'strip-bom': [ '3.0.0' ],
72 silly audit   'strip-bom-string': [ '1.0.0' ],
72 silly audit   'strip-json-comments': [ '3.1.1' ],
72 silly audit   stripe: [ '20.4.1' ],
72 silly audit   'style-to-js': [ '1.1.21' ],
72 silly audit   'style-to-object': [ '1.0.14' ],
72 silly audit   'styled-jsx': [ '5.1.6' ],
72 silly audit   'supports-color': [ '7.2.0' ],
72 silly audit   'supports-preserve-symlinks-flag': [ '1.0.0' ],
72 silly audit   'suspend-react': [ '0.1.3' ],
72 silly audit   tailwindcss: [ '4.2.1' ],
72 silly audit   tapable: [ '2.3.0' ],
72 silly audit   'three-mesh-bvh': [ '0.8.3' ],
72 silly audit   'three-stdlib': [ '2.36.1' ],
72 silly audit   tinyglobby: [ '0.2.15' ],
72 silly audit   fdir: [ '6.5.0' ],
72 silly audit   'to-regex-range': [ '5.0.1' ],
72 silly audit   'trim-lines': [ '3.0.1' ],
72 silly audit   'troika-three-text': [ '0.52.4' ],
72 silly audit   'troika-three-utils': [ '0.52.4' ],
72 silly audit   'troika-worker-utils': [ '0.52.0' ],
72 silly audit   trough: [ '2.2.0' ],
72 silly audit   'ts-api-utils': [ '2.4.0' ],
72 silly audit   'tsconfig-paths': [ '3.15.0' ],
72 silly audit   tslib: [ '2.8.1' ],
72 silly audit   'tunnel-rat': [ '0.1.2' ],
72 silly audit   zustand: [ '4.5.7', '5.0.11' ],
72 silly audit   'type-check': [ '0.4.0' ],
72 silly audit   'typed-array-buffer': [ '1.0.3' ],
72 silly audit   'typed-array-byte-length': [ '1.0.3' ],
72 silly audit   'typed-array-byte-offset': [ '1.0.4' ],
72 silly audit   'typed-array-length': [ '1.0.7' ],
72 silly audit   typescript: [ '5.9.3' ],
72 silly audit   'typescript-eslint': [ '8.57.0' ],
72 silly audit   'unbox-primitive': [ '1.1.0' ],
72 silly audit   'undici-types': [ '6.21.0' ],
72 silly audit   unified: [ '11.0.5' ],
72 silly audit   'unist-util-is': [ '6.0.1' ],
72 silly audit   'unist-util-position': [ '5.0.0' ],
72 silly audit   'unist-util-position-from-estree': [ '2.0.0' ],
72 silly audit   'unist-util-remove': [ '4.0.0' ],
72 silly audit   'unist-util-stringify-position': [ '4.0.0' ],
72 silly audit   'unist-util-visit': [ '5.1.0' ],
72 silly audit   'unist-util-visit-parents': [ '6.0.2' ],
72 silly audit   'unrs-resolver': [ '1.11.1' ],
72 silly audit   'update-browserslist-db': [ '1.2.3' ],
72 silly audit   'uri-js': [ '4.4.1' ],
72 silly audit   'use-sync-external-store': [ '1.6.0' ],
72 silly audit   'utility-types': [ '3.11.0' ],
72 silly audit   vfile: [ '6.0.3' ],
72 silly audit   'vfile-matter': [ '5.0.1' ],
72 silly audit   'vfile-message': [ '4.0.3' ],
72 silly audit   'webgl-constants': [ '1.1.1' ],
72 silly audit   'webgl-sdf-generator': [ '1.1.1' ],
72 silly audit   which: [ '2.0.2' ],
72 silly audit   'which-boxed-primitive': [ '1.1.1' ],
72 silly audit   'which-builtin-type': [ '1.2.1' ],
72 silly audit   'which-collection': [ '1.0.2' ],
72 silly audit   'which-typed-array': [ '1.1.20' ],
72 silly audit   'word-wrap': [ '1.2.5' ],
72 silly audit   yallist: [ '3.1.1' ],
72 silly audit   yaml: [ '2.8.2' ],
72 silly audit   'yocto-queue': [ '0.1.0' ],
72 silly audit   zod: [ '4.3.6' ],
72 silly audit   'zod-validation-error': [ '4.0.2' ],
72 silly audit   zwitch: [ '2.0.4' ],
72 silly audit   axios: [ '1.13.6' ],
72 silly audit   'follow-redirects': [ '1.15.11' ],
72 silly audit   'form-data': [ '4.0.5' ],
72 silly audit   'proxy-from-env': [ '1.1.0' ],
72 silly audit   asynckit: [ '0.4.0' ],
72 silly audit   'combined-stream': [ '1.0.8' ],
72 silly audit   'mime-types': [ '2.1.35' ],
72 silly audit   'delayed-stream': [ '1.0.0' ],
72 silly audit   'mime-db': [ '1.52.0' ],
72 silly audit   '@tailwindcss/oxide-wasm32-wasi': [ '4.2.1' ]
72 silly audit }
73 verbose reify failed optional dependency C:\xampp\htdocs\lengo-web1\node_modules\lightningcss-win32-arm64-msvc
74 silly reify mark deleted [
74 silly reify   'C:\\xampp\\htdocs\\lengo-web1\\node_modules\\lightningcss-win32-arm64-msvc'
74 silly reify ]
75 verbose reify failed optional dependency C:\xampp\htdocs\lengo-web1\node_modules\lightningcss-linux-x64-musl
76 silly reify mark deleted [
76 silly reify   'C:\\xampp\\htdocs\\lengo-web1\\node_modules\\lightningcss-linux-x64-musl'
76 silly reify ]
77 verbose reify failed optional dependency C:\xampp\htdocs\lengo-web1\node_modules\lightningcss-linux-x64-gnu
78 silly reify mark deleted [
78 silly reify   'C:\\xampp\\htdocs\\lengo-web1\\node_modules\\lightningcss-linux-x64-gnu'
78 silly reify ]
79 verbose reify failed optional dependency C:\xampp\htdocs\lengo-web1\node_modules\lightningcss-linux-arm64-musl
80 silly reify mark deleted [
80 silly reify   'C:\\xampp\\htdocs\\lengo-web1\\node_modules\\lightningcss-linux-arm64-musl'
80 silly reify ]
81 verbose reify failed optional dependency C:\xampp\htdocs\lengo-web1\node_modules\lightningcss-linux-arm64-gnu
82 silly reify mark deleted [
82 silly reify   'C:\\xampp\\htdocs\\lengo-web1\\node_modules\\lightningcss-linux-arm64-gnu'
82 silly reify ]
83 verbose reify failed optional dependency C:\xampp\htdocs\lengo-web1\node_modules\lightningcss-linux-arm-gnueabihf
84 silly reify mark deleted [
84 silly reify   'C:\\xampp\\htdocs\\lengo-web1\\node_modules\\lightningcss-linux-arm-gnueabihf'
84 silly reify ]
85 verbose reify failed optional dependency C:\xampp\htdocs\lengo-web1\node_modules\lightningcss-freebsd-x64
86 silly reify mark deleted [
86 silly reify   'C:\\xampp\\htdocs\\lengo-web1\\node_modules\\lightningcss-freebsd-x64'
86 silly reify ]
87 verbose reify failed optional dependency C:\xampp\htdocs\lengo-web1\node_modules\lightningcss-darwin-x64
88 silly reify mark deleted [
88 silly reify   'C:\\xampp\\htdocs\\lengo-web1\\node_modules\\lightningcss-darwin-x64'
88 silly reify ]
89 verbose reify failed optional dependency C:\xampp\htdocs\lengo-web1\node_modules\lightningcss-darwin-arm64
90 silly reify mark deleted [
90 silly reify   'C:\\xampp\\htdocs\\lengo-web1\\node_modules\\lightningcss-darwin-arm64'
90 silly reify ]
91 verbose reify failed optional dependency C:\xampp\htdocs\lengo-web1\node_modules\lightningcss-android-arm64
92 silly reify mark deleted [
92 silly reify   'C:\\xampp\\htdocs\\lengo-web1\\node_modules\\lightningcss-android-arm64'
92 silly reify ]
93 verbose reify failed optional dependency C:\xampp\htdocs\lengo-web1\node_modules\@unrs\resolver-binding-win32-ia32-msvc
94 silly reify mark deleted [
94 silly reify   'C:\\xampp\\htdocs\\lengo-web1\\node_modules\\@unrs\\resolver-binding-win32-ia32-msvc'
94 silly reify ]
95 verbose reify failed optional dependency C:\xampp\htdocs\lengo-web1\node_modules\@unrs\resolver-binding-win32-arm64-msvc
96 silly reify mark deleted [
96 silly reify   'C:\\xampp\\htdocs\\lengo-web1\\node_modules\\@unrs\\resolver-binding-win32-arm64-msvc'
96 silly reify ]
97 verbose reify failed optional dependency C:\xampp\htdocs\lengo-web1\node_modules\@unrs\resolver-binding-wasm32-wasi
98 silly reify mark deleted [
98 silly reify   'C:\\xampp\\htdocs\\lengo-web1\\node_modules\\@unrs\\resolver-binding-wasm32-wasi'
98 silly reify ]
99 verbose reify failed optional dependency C:\xampp\htdocs\lengo-web1\node_modules\@unrs\resolver-binding-linux-x64-musl
100 silly reify mark deleted [
100 silly reify   'C:\\xampp\\htdocs\\lengo-web1\\node_modules\\@unrs\\resolver-binding-linux-x64-musl'
100 silly reify ]
101 verbose reify failed optional dependency C:\xampp\htdocs\lengo-web1\node_modules\@unrs\resolver-binding-linux-x64-gnu
102 silly reify mark deleted [
102 silly reify   'C:\\xampp\\htdocs\\lengo-web1\\node_modules\\@unrs\\resolver-binding-linux-x64-gnu'
102 silly reify ]
103 verbose reify failed optional dependency C:\xampp\htdocs\lengo-web1\node_modules\@unrs\resolver-binding-linux-s390x-gnu
104 silly reify mark deleted [
104 silly reify   'C:\\xampp\\htdocs\\lengo-web1\\node_modules\\@unrs\\resolver-binding-linux-s390x-gnu'
104 silly reify ]
105 verbose reify failed optional dependency C:\xampp\htdocs\lengo-web1\node_modules\@unrs\resolver-binding-linux-riscv64-musl
106 silly reify mark deleted [
106 silly reify   'C:\\xampp\\htdocs\\lengo-web1\\node_modules\\@unrs\\resolver-binding-linux-riscv64-musl'
106 silly reify ]
107 verbose reify failed optional dependency C:\xampp\htdocs\lengo-web1\node_modules\@unrs\resolver-binding-linux-riscv64-gnu
108 silly reify mark deleted [
108 silly reify   'C:\\xampp\\htdocs\\lengo-web1\\node_modules\\@unrs\\resolver-binding-linux-riscv64-gnu'
108 silly reify ]
109 verbose reify failed optional dependency C:\xampp\htdocs\lengo-web1\node_modules\@unrs\resolver-binding-linux-ppc64-gnu
110 silly reify mark deleted [
110 silly reify   'C:\\xampp\\htdocs\\lengo-web1\\node_modules\\@unrs\\resolver-binding-linux-ppc64-gnu'
110 silly reify ]
111 verbose reify failed optional dependency C:\xampp\htdocs\lengo-web1\node_modules\@unrs\resolver-binding-linux-arm64-musl
112 silly reify mark deleted [
112 silly reify   'C:\\xampp\\htdocs\\lengo-web1\\node_modules\\@unrs\\resolver-binding-linux-arm64-musl'
112 silly reify ]
113 verbose reify failed optional dependency C:\xampp\htdocs\lengo-web1\node_modules\@unrs\resolver-binding-linux-arm64-gnu
114 silly reify mark deleted [
114 silly reify   'C:\\xampp\\htdocs\\lengo-web1\\node_modules\\@unrs\\resolver-binding-linux-arm64-gnu'
114 silly reify ]
115 verbose reify failed optional dependency C:\xampp\htdocs\lengo-web1\node_modules\@unrs\resolver-binding-linux-arm-musleabihf
116 silly reify mark deleted [
116 silly reify   'C:\\xampp\\htdocs\\lengo-web1\\node_modules\\@unrs\\resolver-binding-linux-arm-musleabihf'
116 silly reify ]
117 verbose reify failed optional dependency C:\xampp\htdocs\lengo-web1\node_modules\@unrs\resolver-binding-linux-arm-gnueabihf
118 silly reify mark deleted [
118 silly reify   'C:\\xampp\\htdocs\\lengo-web1\\node_modules\\@unrs\\resolver-binding-linux-arm-gnueabihf'
118 silly reify ]
119 verbose reify failed optional dependency C:\xampp\htdocs\lengo-web1\node_modules\@unrs\resolver-binding-freebsd-x64
120 silly reify mark deleted [
120 silly reify   'C:\\xampp\\htdocs\\lengo-web1\\node_modules\\@unrs\\resolver-binding-freebsd-x64'
120 silly reify ]
121 verbose reify failed optional dependency C:\xampp\htdocs\lengo-web1\node_modules\@unrs\resolver-binding-darwin-x64
122 silly reify mark deleted [
122 silly reify   'C:\\xampp\\htdocs\\lengo-web1\\node_modules\\@unrs\\resolver-binding-darwin-x64'
122 silly reify ]
123 verbose reify failed optional dependency C:\xampp\htdocs\lengo-web1\node_modules\@unrs\resolver-binding-darwin-arm64
124 silly reify mark deleted [
124 silly reify   'C:\\xampp\\htdocs\\lengo-web1\\node_modules\\@unrs\\resolver-binding-darwin-arm64'
124 silly reify ]
125 verbose reify failed optional dependency C:\xampp\htdocs\lengo-web1\node_modules\@unrs\resolver-binding-android-arm64
126 silly reify mark deleted [
126 silly reify   'C:\\xampp\\htdocs\\lengo-web1\\node_modules\\@unrs\\resolver-binding-android-arm64'
126 silly reify ]
127 verbose reify failed optional dependency C:\xampp\htdocs\lengo-web1\node_modules\@unrs\resolver-binding-android-arm-eabi
128 silly reify mark deleted [
128 silly reify   'C:\\xampp\\htdocs\\lengo-web1\\node_modules\\@unrs\\resolver-binding-android-arm-eabi'
128 silly reify ]
129 verbose reify failed optional dependency C:\xampp\htdocs\lengo-web1\node_modules\@tailwindcss\oxide-win32-arm64-msvc
130 silly reify mark deleted [
130 silly reify   'C:\\xampp\\htdocs\\lengo-web1\\node_modules\\@tailwindcss\\oxide-win32-arm64-msvc'
130 silly reify ]
131 verbose reify failed optional dependency C:\xampp\htdocs\lengo-web1\node_modules\@tailwindcss\oxide-linux-x64-musl
132 silly reify mark deleted [
132 silly reify   'C:\\xampp\\htdocs\\lengo-web1\\node_modules\\@tailwindcss\\oxide-linux-x64-musl'
132 silly reify ]
133 verbose reify failed optional dependency C:\xampp\htdocs\lengo-web1\node_modules\@tailwindcss\oxide-linux-x64-gnu
134 silly reify mark deleted [
134 silly reify   'C:\\xampp\\htdocs\\lengo-web1\\node_modules\\@tailwindcss\\oxide-linux-x64-gnu'
134 silly reify ]
135 verbose reify failed optional dependency C:\xampp\htdocs\lengo-web1\node_modules\@tailwindcss\oxide-linux-arm64-musl
136 silly reify mark deleted [
136 silly reify   'C:\\xampp\\htdocs\\lengo-web1\\node_modules\\@tailwindcss\\oxide-linux-arm64-musl'
136 silly reify ]
137 verbose reify failed optional dependency C:\xampp\htdocs\lengo-web1\node_modules\@tailwindcss\oxide-linux-arm64-gnu
138 silly reify mark deleted [
138 silly reify   'C:\\xampp\\htdocs\\lengo-web1\\node_modules\\@tailwindcss\\oxide-linux-arm64-gnu'
138 silly reify ]
139 verbose reify failed optional dependency C:\xampp\htdocs\lengo-web1\node_modules\@tailwindcss\oxide-linux-arm-gnueabihf
140 silly reify mark deleted [
140 silly reify   'C:\\xampp\\htdocs\\lengo-web1\\node_modules\\@tailwindcss\\oxide-linux-arm-gnueabihf'
140 silly reify ]
141 verbose reify failed optional dependency C:\xampp\htdocs\lengo-web1\node_modules\@tailwindcss\oxide-freebsd-x64
142 silly reify mark deleted [
142 silly reify   'C:\\xampp\\htdocs\\lengo-web1\\node_modules\\@tailwindcss\\oxide-freebsd-x64'
142 silly reify ]
143 verbose reify failed optional dependency C:\xampp\htdocs\lengo-web1\node_modules\@tailwindcss\oxide-darwin-x64
144 silly reify mark deleted [
144 silly reify   'C:\\xampp\\htdocs\\lengo-web1\\node_modules\\@tailwindcss\\oxide-darwin-x64'
144 silly reify ]
145 verbose reify failed optional dependency C:\xampp\htdocs\lengo-web1\node_modules\@tailwindcss\oxide-darwin-arm64
146 silly reify mark deleted [
146 silly reify   'C:\\xampp\\htdocs\\lengo-web1\\node_modules\\@tailwindcss\\oxide-darwin-arm64'
146 silly reify ]
147 verbose reify failed optional dependency C:\xampp\htdocs\lengo-web1\node_modules\@tailwindcss\oxide-android-arm64
148 silly reify mark deleted [
148 silly reify   'C:\\xampp\\htdocs\\lengo-web1\\node_modules\\@tailwindcss\\oxide-android-arm64'
148 silly reify ]
149 verbose reify failed optional dependency C:\xampp\htdocs\lengo-web1\node_modules\@next\swc-win32-arm64-msvc
150 silly reify mark deleted [
150 silly reify   'C:\\xampp\\htdocs\\lengo-web1\\node_modules\\@next\\swc-win32-arm64-msvc'
150 silly reify ]
151 verbose reify failed optional dependency C:\xampp\htdocs\lengo-web1\node_modules\@next\swc-linux-x64-musl
152 silly reify mark deleted [
152 silly reify   'C:\\xampp\\htdocs\\lengo-web1\\node_modules\\@next\\swc-linux-x64-musl'
152 silly reify ]
153 verbose reify failed optional dependency C:\xampp\htdocs\lengo-web1\node_modules\@next\swc-linux-x64-gnu
154 silly reify mark deleted [
154 silly reify   'C:\\xampp\\htdocs\\lengo-web1\\node_modules\\@next\\swc-linux-x64-gnu'
154 silly reify ]
155 verbose reify failed optional dependency C:\xampp\htdocs\lengo-web1\node_modules\@next\swc-linux-arm64-musl
156 silly reify mark deleted [
156 silly reify   'C:\\xampp\\htdocs\\lengo-web1\\node_modules\\@next\\swc-linux-arm64-musl'
156 silly reify ]
157 verbose reify failed optional dependency C:\xampp\htdocs\lengo-web1\node_modules\@next\swc-linux-arm64-gnu
158 silly reify mark deleted [
158 silly reify   'C:\\xampp\\htdocs\\lengo-web1\\node_modules\\@next\\swc-linux-arm64-gnu'
158 silly reify ]
159 verbose reify failed optional dependency C:\xampp\htdocs\lengo-web1\node_modules\@next\swc-darwin-x64
160 silly reify mark deleted [
160 silly reify   'C:\\xampp\\htdocs\\lengo-web1\\node_modules\\@next\\swc-darwin-x64'
160 silly reify ]
161 verbose reify failed optional dependency C:\xampp\htdocs\lengo-web1\node_modules\@next\swc-darwin-arm64
162 silly reify mark deleted [
162 silly reify   'C:\\xampp\\htdocs\\lengo-web1\\node_modules\\@next\\swc-darwin-arm64'
162 silly reify ]
163 verbose reify failed optional dependency C:\xampp\htdocs\lengo-web1\node_modules\@img\sharp-win32-ia32
164 silly reify mark deleted [
164 silly reify   'C:\\xampp\\htdocs\\lengo-web1\\node_modules\\@img\\sharp-win32-ia32'
164 silly reify ]
165 verbose reify failed optional dependency C:\xampp\htdocs\lengo-web1\node_modules\@img\sharp-win32-arm64
166 silly reify mark deleted [
166 silly reify   'C:\\xampp\\htdocs\\lengo-web1\\node_modules\\@img\\sharp-win32-arm64'
166 silly reify ]
167 verbose reify failed optional dependency C:\xampp\htdocs\lengo-web1\node_modules\@img\sharp-wasm32
168 silly reify mark deleted [ 'C:\\xampp\\htdocs\\lengo-web1\\node_modules\\@img\\sharp-wasm32' ]
169 verbose reify failed optional dependency C:\xampp\htdocs\lengo-web1\node_modules\@img\sharp-linuxmusl-x64
170 silly reify mark deleted [
170 silly reify   'C:\\xampp\\htdocs\\lengo-web1\\node_modules\\@img\\sharp-linuxmusl-x64'
170 silly reify ]
171 verbose reify failed optional dependency C:\xampp\htdocs\lengo-web1\node_modules\@img\sharp-linuxmusl-arm64
172 silly reify mark deleted [
172 silly reify   'C:\\xampp\\htdocs\\lengo-web1\\node_modules\\@img\\sharp-linuxmusl-arm64'
172 silly reify ]
173 verbose reify failed optional dependency C:\xampp\htdocs\lengo-web1\node_modules\@img\sharp-linux-x64
174 silly reify mark deleted [
174 silly reify   'C:\\xampp\\htdocs\\lengo-web1\\node_modules\\@img\\sharp-linux-x64'
174 silly reify ]
175 verbose reify failed optional dependency C:\xampp\htdocs\lengo-web1\node_modules\@img\sharp-linux-s390x
176 silly reify mark deleted [
176 silly reify   'C:\\xampp\\htdocs\\lengo-web1\\node_modules\\@img\\sharp-linux-s390x'
176 silly reify ]
177 verbose reify failed optional dependency C:\xampp\htdocs\lengo-web1\node_modules\@img\sharp-linux-riscv64
178 silly reify mark deleted [
178 silly reify   'C:\\xampp\\htdocs\\lengo-web1\\node_modules\\@img\\sharp-linux-riscv64'
178 silly reify ]
179 verbose reify failed optional dependency C:\xampp\htdocs\lengo-web1\node_modules\@img\sharp-linux-ppc64
180 silly reify mark deleted [
180 silly reify   'C:\\xampp\\htdocs\\lengo-web1\\node_modules\\@img\\sharp-linux-ppc64'
180 silly reify ]
181 verbose reify failed optional dependency C:\xampp\htdocs\lengo-web1\node_modules\@img\sharp-linux-arm64
182 silly reify mark deleted [
182 silly reify   'C:\\xampp\\htdocs\\lengo-web1\\node_modules\\@img\\sharp-linux-arm64'
182 silly reify ]
183 verbose reify failed optional dependency C:\xampp\htdocs\lengo-web1\node_modules\@img\sharp-linux-arm
184 silly reify mark deleted [
184 silly reify   'C:\\xampp\\htdocs\\lengo-web1\\node_modules\\@img\\sharp-linux-arm'
184 silly reify ]
185 verbose reify failed optional dependency C:\xampp\htdocs\lengo-web1\node_modules\@img\sharp-libvips-linuxmusl-x64
186 silly reify mark deleted [
186 silly reify   'C:\\xampp\\htdocs\\lengo-web1\\node_modules\\@img\\sharp-libvips-linuxmusl-x64'
186 silly reify ]
187 verbose reify failed optional dependency C:\xampp\htdocs\lengo-web1\node_modules\@img\sharp-libvips-linuxmusl-arm64
188 silly reify mark deleted [
188 silly reify   'C:\\xampp\\htdocs\\lengo-web1\\node_modules\\@img\\sharp-libvips-linuxmusl-arm64'
188 silly reify ]
189 verbose reify failed optional dependency C:\xampp\htdocs\lengo-web1\node_modules\@img\sharp-libvips-linux-x64
190 silly reify mark deleted [
190 silly reify   'C:\\xampp\\htdocs\\lengo-web1\\node_modules\\@img\\sharp-libvips-linux-x64'
190 silly reify ]
191 verbose reify failed optional dependency C:\xampp\htdocs\lengo-web1\node_modules\@img\sharp-libvips-linux-s390x
192 silly reify mark deleted [
192 silly reify   'C:\\xampp\\htdocs\\lengo-web1\\node_modules\\@img\\sharp-libvips-linux-s390x'
192 silly reify ]
193 verbose reify failed optional dependency C:\xampp\htdocs\lengo-web1\node_modules\@img\sharp-libvips-linux-riscv64
194 silly reify mark deleted [
194 silly reify   'C:\\xampp\\htdocs\\lengo-web1\\node_modules\\@img\\sharp-libvips-linux-riscv64'
194 silly reify ]
195 verbose reify failed optional dependency C:\xampp\htdocs\lengo-web1\node_modules\@img\sharp-libvips-linux-ppc64
196 silly reify mark deleted [
196 silly reify   'C:\\xampp\\htdocs\\lengo-web1\\node_modules\\@img\\sharp-libvips-linux-ppc64'
196 silly reify ]
197 verbose reify failed optional dependency C:\xampp\htdocs\lengo-web1\node_modules\@img\sharp-libvips-linux-arm64
198 silly reify mark deleted [
198 silly reify   'C:\\xampp\\htdocs\\lengo-web1\\node_modules\\@img\\sharp-libvips-linux-arm64'
198 silly reify ]
199 verbose reify failed optional dependency C:\xampp\htdocs\lengo-web1\node_modules\@img\sharp-libvips-linux-arm
200 silly reify mark deleted [
200 silly reify   'C:\\xampp\\htdocs\\lengo-web1\\node_modules\\@img\\sharp-libvips-linux-arm'
200 silly reify ]
201 verbose reify failed optional dependency C:\xampp\htdocs\lengo-web1\node_modules\@img\sharp-libvips-darwin-x64
202 silly reify mark deleted [
202 silly reify   'C:\\xampp\\htdocs\\lengo-web1\\node_modules\\@img\\sharp-libvips-darwin-x64'
202 silly reify ]
203 verbose reify failed optional dependency C:\xampp\htdocs\lengo-web1\node_modules\@img\sharp-libvips-darwin-arm64
204 silly reify mark deleted [
204 silly reify   'C:\\xampp\\htdocs\\lengo-web1\\node_modules\\@img\\sharp-libvips-darwin-arm64'
204 silly reify ]
205 verbose reify failed optional dependency C:\xampp\htdocs\lengo-web1\node_modules\@img\sharp-darwin-x64
206 silly reify mark deleted [
206 silly reify   'C:\\xampp\\htdocs\\lengo-web1\\node_modules\\@img\\sharp-darwin-x64'
206 silly reify ]
207 verbose reify failed optional dependency C:\xampp\htdocs\lengo-web1\node_modules\@img\sharp-darwin-arm64
208 silly reify mark deleted [
208 silly reify   'C:\\xampp\\htdocs\\lengo-web1\\node_modules\\@img\\sharp-darwin-arm64'
208 silly reify ]
209 http cache proxy-from-env@https://registry.npmjs.org/proxy-from-env/-/proxy-from-env-1.1.0.tgz 2ms (cache hit)
210 http cache mime-types@https://registry.npmjs.org/mime-types/-/mime-types-2.1.35.tgz 0ms (cache hit)
211 http cache mime-db@https://registry.npmjs.org/mime-db/-/mime-db-1.52.0.tgz 0ms (cache hit)
212 http cache form-data@https://registry.npmjs.org/form-data/-/form-data-4.0.5.tgz 0ms (cache hit)
213 http cache follow-redirects@https://registry.npmjs.org/follow-redirects/-/follow-redirects-1.15.11.tgz 0ms (cache hit)
214 http cache delayed-stream@https://registry.npmjs.org/delayed-stream/-/delayed-stream-1.0.0.tgz 0ms (cache hit)
215 http cache combined-stream@https://registry.npmjs.org/combined-stream/-/combined-stream-1.0.8.tgz 0ms (cache hit)
216 http cache axios@https://registry.npmjs.org/axios/-/axios-1.13.6.tgz 0ms (cache hit)
217 http cache asynckit@https://registry.npmjs.org/asynckit/-/asynckit-0.4.0.tgz 0ms (cache hit)
218 http fetch POST 200 https://registry.npmjs.org/-/npm/v1/security/advisories/bulk 2188ms
219 silly audit report {}
220 silly tarball no local data for proxy-from-env@https://registry.npmjs.org/proxy-from-env/-/proxy-from-env-1.1.0.tgz. Extracting by manifest.
221 silly tarball no local data for mime-types@https://registry.npmjs.org/mime-types/-/mime-types-2.1.35.tgz. Extracting by manifest.
222 silly tarball no local data for mime-db@https://registry.npmjs.org/mime-db/-/mime-db-1.52.0.tgz. Extracting by manifest.
223 silly tarball no local data for form-data@https://registry.npmjs.org/form-data/-/form-data-4.0.5.tgz. Extracting by manifest.
224 silly tarball no local data for follow-redirects@https://registry.npmjs.org/follow-redirects/-/follow-redirects-1.15.11.tgz. Extracting by manifest.
225 silly tarball no local data for delayed-stream@https://registry.npmjs.org/delayed-stream/-/delayed-stream-1.0.0.tgz. Extracting by manifest.
226 silly tarball no local data for combined-stream@https://registry.npmjs.org/combined-stream/-/combined-stream-1.0.8.tgz. Extracting by manifest.
227 silly tarball no local data for axios@https://registry.npmjs.org/axios/-/axios-1.13.6.tgz. Extracting by manifest.
228 silly tarball no local data for asynckit@https://registry.npmjs.org/asynckit/-/asynckit-0.4.0.tgz. Extracting by manifest.
229 http fetch GET 200 https://registry.npmjs.org/mime-types/-/mime-types-2.1.35.tgz 7556ms (cache miss)
230 http fetch GET 200 https://registry.npmjs.org/proxy-from-env/-/proxy-from-env-1.1.0.tgz 10024ms (cache miss)
231 http fetch GET 200 https://registry.npmjs.org/combined-stream/-/combined-stream-1.0.8.tgz 9971ms (cache miss)
232 http fetch GET 200 https://registry.npmjs.org/delayed-stream/-/delayed-stream-1.0.0.tgz 10180ms (cache miss)
233 http fetch GET 200 https://registry.npmjs.org/mime-db/-/mime-db-1.52.0.tgz 13274ms (cache miss)
234 http fetch GET 200 https://registry.npmjs.org/follow-redirects/-/follow-redirects-1.15.11.tgz 17735ms (cache miss)
235 http fetch GET 200 https://registry.npmjs.org/form-data/-/form-data-4.0.5.tgz 22331ms (cache miss)
236 http fetch GET 200 https://registry.npmjs.org/asynckit/-/asynckit-0.4.0.tgz 25520ms (cache miss)
237 http fetch GET 200 https://registry.npmjs.org/axios/-/axios-1.13.6.tgz 79416ms (cache miss)
238 silly ADD node_modules/lightningcss-win32-arm64-msvc
239 silly ADD node_modules/lightningcss-linux-x64-musl
240 silly ADD node_modules/lightningcss-linux-x64-gnu
241 silly ADD node_modules/lightningcss-linux-arm64-musl
242 silly ADD node_modules/lightningcss-linux-arm64-gnu
243 silly ADD node_modules/lightningcss-linux-arm-gnueabihf
244 silly ADD node_modules/lightningcss-freebsd-x64
245 silly ADD node_modules/lightningcss-darwin-x64
246 silly ADD node_modules/lightningcss-darwin-arm64
247 silly ADD node_modules/lightningcss-android-arm64
248 silly ADD node_modules/@unrs/resolver-binding-win32-ia32-msvc
249 silly ADD node_modules/@unrs/resolver-binding-win32-arm64-msvc
250 silly ADD node_modules/@unrs/resolver-binding-wasm32-wasi
251 silly ADD node_modules/@unrs/resolver-binding-linux-x64-musl
252 silly ADD node_modules/@unrs/resolver-binding-linux-x64-gnu
253 silly ADD node_modules/@unrs/resolver-binding-linux-s390x-gnu
254 silly ADD node_modules/@unrs/resolver-binding-linux-riscv64-musl
255 silly ADD node_modules/@unrs/resolver-binding-linux-riscv64-gnu
256 silly ADD node_modules/@unrs/resolver-binding-linux-ppc64-gnu
257 silly ADD node_modules/@unrs/resolver-binding-linux-arm64-musl
258 silly ADD node_modules/@unrs/resolver-binding-linux-arm64-gnu
259 silly ADD node_modules/@unrs/resolver-binding-linux-arm-musleabihf
260 silly ADD node_modules/@unrs/resolver-binding-linux-arm-gnueabihf
261 silly ADD node_modules/@unrs/resolver-binding-freebsd-x64
262 silly ADD node_modules/@unrs/resolver-binding-darwin-x64
263 silly ADD node_modules/@unrs/resolver-binding-darwin-arm64
264 silly ADD node_modules/@unrs/resolver-binding-android-arm64
265 silly ADD node_modules/@unrs/resolver-binding-android-arm-eabi
266 silly ADD node_modules/@tailwindcss/oxide-win32-arm64-msvc
267 silly ADD node_modules/@tailwindcss/oxide-wasm32-wasi
268 silly ADD node_modules/@tailwindcss/oxide-linux-x64-musl
269 silly ADD node_modules/@tailwindcss/oxide-linux-x64-gnu
270 silly ADD node_modules/@tailwindcss/oxide-linux-arm64-musl
271 silly ADD node_modules/@tailwindcss/oxide-linux-arm64-gnu
272 silly ADD node_modules/@tailwindcss/oxide-linux-arm-gnueabihf
273 silly ADD node_modules/@tailwindcss/oxide-freebsd-x64
274 silly ADD node_modules/@tailwindcss/oxide-darwin-x64
275 silly ADD node_modules/@tailwindcss/oxide-darwin-arm64
276 silly ADD node_modules/@tailwindcss/oxide-android-arm64
277 silly ADD node_modules/@next/swc-win32-arm64-msvc
278 silly ADD node_modules/@next/swc-linux-x64-musl
279 silly ADD node_modules/@next/swc-linux-x64-gnu
280 silly ADD node_modules/@next/swc-linux-arm64-musl
281 silly ADD node_modules/@next/swc-linux-arm64-gnu
282 silly ADD node_modules/@next/swc-darwin-x64
283 silly ADD node_modules/@next/swc-darwin-arm64
284 silly ADD node_modules/@img/sharp-win32-ia32
285 silly ADD node_modules/@img/sharp-win32-arm64
286 silly ADD node_modules/@img/sharp-wasm32
287 silly ADD node_modules/@img/sharp-linuxmusl-x64
288 silly ADD node_modules/@img/sharp-linuxmusl-arm64
289 silly ADD node_modules/@img/sharp-linux-x64
290 silly ADD node_modules/@img/sharp-linux-s390x
291 silly ADD node_modules/@img/sharp-linux-riscv64
292 silly ADD node_modules/@img/sharp-linux-ppc64
293 silly ADD node_modules/@img/sharp-linux-arm64
294 silly ADD node_modules/@img/sharp-linux-arm
295 silly ADD node_modules/@img/sharp-libvips-linuxmusl-x64
296 silly ADD node_modules/@img/sharp-libvips-linuxmusl-arm64
297 silly ADD node_modules/@img/sharp-libvips-linux-x64
298 silly ADD node_modules/@img/sharp-libvips-linux-s390x
299 silly ADD node_modules/@img/sharp-libvips-linux-riscv64
300 silly ADD node_modules/@img/sharp-libvips-linux-ppc64
301 silly ADD node_modules/@img/sharp-libvips-linux-arm64
302 silly ADD node_modules/@img/sharp-libvips-linux-arm
303 silly ADD node_modules/@img/sharp-libvips-darwin-x64
304 silly ADD node_modules/@img/sharp-libvips-darwin-arm64
305 silly ADD node_modules/@img/sharp-darwin-x64
306 silly ADD node_modules/@img/sharp-darwin-arm64
307 silly CHANGE node_modules/proxy-from-env
308 silly CHANGE node_modules/mime-types
309 silly CHANGE node_modules/mime-db
310 silly CHANGE node_modules/form-data
311 silly CHANGE node_modules/follow-redirects
312 silly CHANGE node_modules/delayed-stream
313 silly CHANGE node_modules/combined-stream
314 silly CHANGE node_modules/axios
315 silly CHANGE node_modules/asynckit
316 verbose cwd C:\xampp\htdocs\lengo-web1
317 verbose os Windows_NT 10.0.19042
318 verbose node v22.14.0
319 verbose npm  v11.6.0
320 verbose exit 0
321 info ok
